<?xml version="1.0" encoding="UTF-8"?>
<!-- Generated by org.testng.reporters.JUnitReportReporter -->
<testsuite hostname="DESKTOP-EJ6UG3V" failures="0" tests="1000" name="TestFlags.InvocationCount" time="1.334" errors="0" timestamp="2022-06-04T10:42:18 IST" skipped="0">
  <testcase classname="TestFlags.InvocationCount" name="a" time="0.001"/>
  <system-out>
    <![CDATA[login]]>
  </system-out>
  <testcase classname="TestFlags.InvocationCount" name="a" time="0.001"/>
  <system-out>
    <![CDATA[login]]>
  </system-out>
  <testcase classname="TestFlags.InvocationCount" name="a" time="0.002"/>
  <system-out>
    <![CDATA[login]]>
  </system-out>
  <testcase classname="TestFlags.InvocationCount" name="a" time="0.001"/>
  <system-out>
    <![CDATA[login]]>
  </system-out>
  <testcase classname="TestFlags.InvocationCount" name="a" time="0.001"/>
  <system-out>
    <![CDATA[login]]>
  </system-out>
  <testcase classname="TestFlags.InvocationCount" name="a" time="0.001"/>
  <system-out>
    <![CDATA[login]]>
  </system-out>
  <testcase classname="TestFlags.InvocationCount" name="a" time="0.001"/>
  <system-out>
    <![CDATA[login]]>
  </system-out>
  <testcase classname="TestFlags.InvocationCount" name="a" time="0.000"/>
  <system-out>
    <![CDATA[login]]>
  </system-out>
  <testcase classname="TestFlags.InvocationCount" name="a" time="0.001"/>
  <system-out>
    <![CDATA[login]]>
  </system-out>
  <testcase classname="TestFlags.InvocationCount" name="a" time="0.001"/>
  <system-out>
    <![CDATA[login]]>
  </system-out>
  <testcase classname="TestFlags.InvocationCount" name="a" time="0.001"/>
  <system-out>
    <![CDATA[login]]>
  </system-out>
  <testcase classname="TestFlags.InvocationCount" name="a" time="0.001"/>
  <system-out>
    <![CDATA[login]]>
  </system-out>
  <testcase classname="TestFlags.InvocationCount" name="a" time="0.001"/>
  <system-out>
    <![CDATA[login]]>
  </system-out>
  <testcase classname="TestFlags.InvocationCount" name="a" time="0.001"/>
  <system-out>
    <![CDATA[login]]>
  </system-out>
  <testcase classname="TestFlags.InvocationCount" name="a" time="0.001"/>
  <system-out>
    <![CDATA[login]]>
  </system-out>
  <testcase classname="TestFlags.InvocationCount" name="a" time="0.001"/>
  <system-out>
    <![CDATA[login]]>
  </system-out>
  <testcase classname="TestFlags.InvocationCount" name="a" time="0.000"/>
  <system-out>
    <![CDATA[login]]>
  </system-out>
  <testcase classname="TestFlags.InvocationCount" name="a" time="0.023"/>
  <system-out>
    <![CDATA[login]]>
  </system-out>
  <testcase classname="TestFlags.InvocationCount" name="a" time="0.001"/>
  <system-out>
    <![CDATA[login]]>
  </system-out>
  <testcase classname="TestFlags.InvocationCount" name="a" time="0.001"/>
  <system-out>
    <![CDATA[login]]>
  </system-out>
  <testcase classname="TestFlags.InvocationCount" name="a" time="0.001"/>
  <system-out>
    <![CDATA[login]]>
  </system-out>
  <testcase classname="TestFlags.InvocationCount" name="a" time="0.000"/>
  <system-out>
    <![CDATA[login]]>
  </system-out>
  <testcase classname="TestFlags.InvocationCount" name="a" time="0.001"/>
  <system-out>
    <![CDATA[login]]>
  </system-out>
  <testcase classname="TestFlags.InvocationCount" name="a" time="0.000"/>
  <system-out>
    <![CDATA[login]]>
  </system-out>
  <testcase classname="TestFlags.InvocationCount" name="a" time="0.001"/>
  <system-out>
    <![CDATA[login]]>
  </system-out>
  <testcase classname="TestFlags.InvocationCount" name="a" time="0.001"/>
  <system-out>
    <![CDATA[login]]>
  </system-out>
  <testcase classname="TestFlags.InvocationCount" name="a" time="0.001"/>
  <system-out>
    <![CDATA[login]]>
  </system-out>
  <testcase classname="TestFlags.InvocationCount" name="a" time="0.001"/>
  <system-out>
    <![CDATA[login]]>
  </system-out>
  <testcase classname="TestFlags.InvocationCount" name="a" time="0.001"/>
  <system-out>
    <![CDATA[login]]>
  </system-out>
  <testcase classname="TestFlags.InvocationCount" name="a" time="0.001"/>
  <system-out>
    <![CDATA[login]]>
  </system-out>
  <testcase classname="TestFlags.InvocationCount" name="a" time="0.001"/>
  <system-out>
    <![CDATA[login]]>
  </system-out>
  <testcase classname="TestFlags.InvocationCount" name="a" time="0.000"/>
  <system-out>
    <![CDATA[login]]>
  </system-out>
  <testcase classname="TestFlags.InvocationCount" name="a" time="0.001"/>
  <system-out>
    <![CDATA[login]]>
  </system-out>
  <testcase classname="TestFlags.InvocationCount" name="a" time="0.000"/>
  <system-out>
    <![CDATA[login]]>
  </system-out>
  <testcase classname="TestFlags.InvocationCount" name="a" time="0.002"/>
  <system-out>
    <![CDATA[login]]>
  </system-out>
  <testcase classname="TestFlags.InvocationCount" name="a" time="0.000"/>
  <system-out>
    <![CDATA[login]]>
  </system-out>
  <testcase classname="TestFlags.InvocationCount" name="a" time="0.001"/>
  <system-out>
    <![CDATA[login]]>
  </system-out>
  <testcase classname="TestFlags.InvocationCount" name="a" time="0.001"/>
  <system-out>
    <![CDATA[login]]>
  </system-out>
  <testcase classname="TestFlags.InvocationCount" name="a" time="0.001"/>
  <system-out>
    <![CDATA[login]]>
  </system-out>
  <testcase classname="TestFlags.InvocationCount" name="a" time="0.001"/>
  <system-out>
    <![CDATA[login]]>
  </system-out>
  <testcase classname="TestFlags.InvocationCount" name="a" time="0.002"/>
  <system-out>
    <![CDATA[login]]>
  </system-out>
  <testcase classname="TestFlags.InvocationCount" name="a" time="0.001"/>
  <system-out>
    <![CDATA[login]]>
  </system-out>
  <testcase classname="TestFlags.InvocationCount" name="a" time="0.003"/>
  <system-out>
    <![CDATA[login]]>
  </system-out>
  <testcase classname="TestFlags.InvocationCount" name="a" time="0.001"/>
  <system-out>
    <![CDATA[login]]>
  </system-out>
  <testcase classname="TestFlags.InvocationCount" name="a" time="0.000"/>
  <system-out>
    <![CDATA[login]]>
  </system-out>
  <testcase classname="TestFlags.InvocationCount" name="a" time="0.000"/>
  <system-out>
    <![CDATA[login]]>
  </system-out>
  <testcase classname="TestFlags.InvocationCount" name="a" time="0.000"/>
  <system-out>
    <![CDATA[login]]>
  </system-out>
  <testcase classname="TestFlags.InvocationCount" name="a" time="0.010"/>
  <system-out>
    <![CDATA[login]]>
  </system-out>
  <testcase classname="TestFlags.InvocationCount" name="a" time="0.000"/>
  <system-out>
    <![CDATA[login]]>
  </system-out>
  <testcase classname="TestFlags.InvocationCount" name="a" time="0.001"/>
  <system-out>
    <![CDATA[login]]>
  </system-out>
  <testcase classname="TestFlags.InvocationCount" name="a" time="0.001"/>
  <system-out>
    <![CDATA[login]]>
  </system-out>
  <testcase classname="TestFlags.InvocationCount" name="a" time="0.000"/>
  <system-out>
    <![CDATA[login]]>
  </system-out>
  <testcase classname="TestFlags.InvocationCount" name="a" time="0.001"/>
  <system-out>
    <![CDATA[login]]>
  </system-out>
  <testcase classname="TestFlags.InvocationCount" name="a" time="0.001"/>
  <system-out>
    <![CDATA[login]]>
  </system-out>
  <testcase classname="TestFlags.InvocationCount" name="a" time="0.001"/>
  <system-out>
    <![CDATA[login]]>
  </system-out>
  <testcase classname="TestFlags.InvocationCount" name="a" time="0.005"/>
  <system-out>
    <![CDATA[login]]>
  </system-out>
  <testcase classname="TestFlags.InvocationCount" name="a" time="0.000"/>
  <system-out>
    <![CDATA[login]]>
  </system-out>
  <testcase classname="TestFlags.InvocationCount" name="a" time="0.001"/>
  <system-out>
    <![CDATA[login]]>
  </system-out>
  <testcase classname="TestFlags.InvocationCount" name="a" time="0.019"/>
  <system-out>
    <![CDATA[login]]>
  </system-out>
  <testcase classname="TestFlags.InvocationCount" name="a" time="0.000"/>
  <system-out>
    <![CDATA[login]]>
  </system-out>
  <testcase classname="TestFlags.InvocationCount" name="a" time="0.001"/>
  <system-out>
    <![CDATA[login]]>
  </system-out>
  <testcase classname="TestFlags.InvocationCount" name="a" time="0.000"/>
  <system-out>
    <![CDATA[login]]>
  </system-out>
  <testcase classname="TestFlags.InvocationCount" name="a" time="0.004"/>
  <system-out>
    <![CDATA[login]]>
  </system-out>
  <testcase classname="TestFlags.InvocationCount" name="a" time="0.001"/>
  <system-out>
    <![CDATA[login]]>
  </system-out>
  <testcase classname="TestFlags.InvocationCount" name="a" time="0.001"/>
  <system-out>
    <![CDATA[login]]>
  </system-out>
  <testcase classname="TestFlags.InvocationCount" name="a" time="0.001"/>
  <system-out>
    <![CDATA[login]]>
  </system-out>
  <testcase classname="TestFlags.InvocationCount" name="a" time="0.001"/>
  <system-out>
    <![CDATA[login]]>
  </system-out>
  <testcase classname="TestFlags.InvocationCount" name="a" time="0.001"/>
  <system-out>
    <![CDATA[login]]>
  </system-out>
  <testcase classname="TestFlags.InvocationCount" name="a" time="0.000"/>
  <system-out>
    <![CDATA[login]]>
  </system-out>
  <testcase classname="TestFlags.InvocationCount" name="a" time="0.000"/>
  <system-out>
    <![CDATA[login]]>
  </system-out>
  <testcase classname="TestFlags.InvocationCount" name="a" time="0.000"/>
  <system-out>
    <![CDATA[login]]>
  </system-out>
  <testcase classname="TestFlags.InvocationCount" name="a" time="0.000"/>
  <system-out>
    <![CDATA[login]]>
  </system-out>
  <testcase classname="TestFlags.InvocationCount" name="a" time="0.004"/>
  <system-out>
    <![CDATA[login]]>
  </system-out>
  <testcase classname="TestFlags.InvocationCount" name="a" time="0.002"/>
  <system-out>
    <![CDATA[login]]>
  </system-out>
  <testcase classname="TestFlags.InvocationCount" name="a" time="0.001"/>
  <system-out>
    <![CDATA[login]]>
  </system-out>
  <testcase classname="TestFlags.InvocationCount" name="a" time="0.000"/>
  <system-out>
    <![CDATA[login]]>
  </system-out>
  <testcase classname="TestFlags.InvocationCount" name="a" time="0.001"/>
  <system-out>
    <![CDATA[login]]>
  </system-out>
  <testcase classname="TestFlags.InvocationCount" name="a" time="0.000"/>
  <system-out>
    <![CDATA[login]]>
  </system-out>
  <testcase classname="TestFlags.InvocationCount" name="a" time="0.001"/>
  <system-out>
    <![CDATA[login]]>
  </system-out>
  <testcase classname="TestFlags.InvocationCount" name="a" time="0.000"/>
  <system-out>
    <![CDATA[login]]>
  </system-out>
  <testcase classname="TestFlags.InvocationCount" name="a" time="0.001"/>
  <system-out>
    <![CDATA[login]]>
  </system-out>
  <testcase classname="TestFlags.InvocationCount" name="a" time="0.001"/>
  <system-out>
    <![CDATA[login]]>
  </system-out>
  <testcase classname="TestFlags.InvocationCount" name="a" time="0.001"/>
  <system-out>
    <![CDATA[login]]>
  </system-out>
  <testcase classname="TestFlags.InvocationCount" name="a" time="0.000"/>
  <system-out>
    <![CDATA[login]]>
  </system-out>
  <testcase classname="TestFlags.InvocationCount" name="a" time="0.001"/>
  <system-out>
    <![CDATA[login]]>
  </system-out>
  <testcase classname="TestFlags.InvocationCount" name="a" time="0.000"/>
  <system-out>
    <![CDATA[login]]>
  </system-out>
  <testcase classname="TestFlags.InvocationCount" name="a" time="0.000"/>
  <system-out>
    <![CDATA[login]]>
  </system-out>
  <testcase classname="TestFlags.InvocationCount" name="a" time="0.004"/>
  <system-out>
    <![CDATA[login]]>
  </system-out>
  <testcase classname="TestFlags.InvocationCount" name="a" time="0.001"/>
  <system-out>
    <![CDATA[login]]>
  </system-out>
  <testcase classname="TestFlags.InvocationCount" name="a" time="0.001"/>
  <system-out>
    <![CDATA[login]]>
  </system-out>
  <testcase classname="TestFlags.InvocationCount" name="a" time="0.001"/>
  <system-out>
    <![CDATA[login]]>
  </system-out>
  <testcase classname="TestFlags.InvocationCount" name="a" time="0.001"/>
  <system-out>
    <![CDATA[login]]>
  </system-out>
  <testcase classname="TestFlags.InvocationCount" name="a" time="0.000"/>
  <system-out>
    <![CDATA[login]]>
  </system-out>
  <testcase classname="TestFlags.InvocationCount" name="a" time="0.001"/>
  <system-out>
    <![CDATA[login]]>
  </system-out>
  <testcase classname="TestFlags.InvocationCount" name="a" time="0.001"/>
  <system-out>
    <![CDATA[login]]>
  </system-out>
  <testcase classname="TestFlags.InvocationCount" name="a" time="0.001"/>
  <system-out>
    <![CDATA[login]]>
  </system-out>
  <testcase classname="TestFlags.InvocationCount" name="a" time="0.001"/>
  <system-out>
    <![CDATA[login]]>
  </system-out>
  <testcase classname="TestFlags.InvocationCount" name="a" time="0.001"/>
  <system-out>
    <![CDATA[login]]>
  </system-out>
  <testcase classname="TestFlags.InvocationCount" name="a" time="0.001"/>
  <system-out>
    <![CDATA[login]]>
  </system-out>
  <testcase classname="TestFlags.InvocationCount" name="a" time="0.001"/>
  <system-out>
    <![CDATA[login]]>
  </system-out>
  <testcase classname="TestFlags.InvocationCount" name="a" time="0.001"/>
  <system-out>
    <![CDATA[login]]>
  </system-out>
  <testcase classname="TestFlags.InvocationCount" name="a" time="0.001"/>
  <system-out>
    <![CDATA[login]]>
  </system-out>
  <testcase classname="TestFlags.InvocationCount" name="a" time="0.000"/>
  <system-out>
    <![CDATA[login]]>
  </system-out>
  <testcase classname="TestFlags.InvocationCount" name="a" time="0.001"/>
  <system-out>
    <![CDATA[login]]>
  </system-out>
  <testcase classname="TestFlags.InvocationCount" name="a" time="0.001"/>
  <system-out>
    <![CDATA[login]]>
  </system-out>
  <testcase classname="TestFlags.InvocationCount" name="a" time="0.001"/>
  <system-out>
    <![CDATA[login]]>
  </system-out>
  <testcase classname="TestFlags.InvocationCount" name="a" time="0.000"/>
  <system-out>
    <![CDATA[login]]>
  </system-out>
  <testcase classname="TestFlags.InvocationCount" name="a" time="0.001"/>
  <system-out>
    <![CDATA[login]]>
  </system-out>
  <testcase classname="TestFlags.InvocationCount" name="a" time="0.003"/>
  <system-out>
    <![CDATA[login]]>
  </system-out>
  <testcase classname="TestFlags.InvocationCount" name="a" time="0.001"/>
  <system-out>
    <![CDATA[login]]>
  </system-out>
  <testcase classname="TestFlags.InvocationCount" name="a" time="0.001"/>
  <system-out>
    <![CDATA[login]]>
  </system-out>
  <testcase classname="TestFlags.InvocationCount" name="a" time="0.001"/>
  <system-out>
    <![CDATA[login]]>
  </system-out>
  <testcase classname="TestFlags.InvocationCount" name="a" time="0.001"/>
  <system-out>
    <![CDATA[login]]>
  </system-out>
  <testcase classname="TestFlags.InvocationCount" name="a" time="0.000"/>
  <system-out>
    <![CDATA[login]]>
  </system-out>
  <testcase classname="TestFlags.InvocationCount" name="a" time="0.001"/>
  <system-out>
    <![CDATA[login]]>
  </system-out>
  <testcase classname="TestFlags.InvocationCount" name="a" time="0.002"/>
  <system-out>
    <![CDATA[login]]>
  </system-out>
  <testcase classname="TestFlags.InvocationCount" name="a" time="0.001"/>
  <system-out>
    <![CDATA[login]]>
  </system-out>
  <testcase classname="TestFlags.InvocationCount" name="a" time="0.001"/>
  <system-out>
    <![CDATA[login]]>
  </system-out>
  <testcase classname="TestFlags.InvocationCount" name="a" time="0.001"/>
  <system-out>
    <![CDATA[login]]>
  </system-out>
  <testcase classname="TestFlags.InvocationCount" name="a" time="0.002"/>
  <system-out>
    <![CDATA[login]]>
  </system-out>
  <testcase classname="TestFlags.InvocationCount" name="a" time="0.001"/>
  <system-out>
    <![CDATA[login]]>
  </system-out>
  <testcase classname="TestFlags.InvocationCount" name="a" time="0.001"/>
  <system-out>
    <![CDATA[login]]>
  </system-out>
  <testcase classname="TestFlags.InvocationCount" name="a" time="0.002"/>
  <system-out>
    <![CDATA[login]]>
  </system-out>
  <testcase classname="TestFlags.InvocationCount" name="a" time="0.002"/>
  <system-out>
    <![CDATA[login]]>
  </system-out>
  <testcase classname="TestFlags.InvocationCount" name="a" time="0.001"/>
  <system-out>
    <![CDATA[login]]>
  </system-out>
  <testcase classname="TestFlags.InvocationCount" name="a" time="0.000"/>
  <system-out>
    <![CDATA[login]]>
  </system-out>
  <testcase classname="TestFlags.InvocationCount" name="a" time="0.000"/>
  <system-out>
    <![CDATA[login]]>
  </system-out>
  <testcase classname="TestFlags.InvocationCount" name="a" time="0.001"/>
  <system-out>
    <![CDATA[login]]>
  </system-out>
  <testcase classname="TestFlags.InvocationCount" name="a" time="0.001"/>
  <system-out>
    <![CDATA[login]]>
  </system-out>
  <testcase classname="TestFlags.InvocationCount" name="a" time="0.001"/>
  <system-out>
    <![CDATA[login]]>
  </system-out>
  <testcase classname="TestFlags.InvocationCount" name="a" time="0.001"/>
  <system-out>
    <![CDATA[login]]>
  </system-out>
  <testcase classname="TestFlags.InvocationCount" name="a" time="0.000"/>
  <system-out>
    <![CDATA[login]]>
  </system-out>
  <testcase classname="TestFlags.InvocationCount" name="a" time="0.001"/>
  <system-out>
    <![CDATA[login]]>
  </system-out>
  <testcase classname="TestFlags.InvocationCount" name="a" time="0.036"/>
  <system-out>
    <![CDATA[login]]>
  </system-out>
  <testcase classname="TestFlags.InvocationCount" name="a" time="0.001"/>
  <system-out>
    <![CDATA[login]]>
  </system-out>
  <testcase classname="TestFlags.InvocationCount" name="a" time="0.001"/>
  <system-out>
    <![CDATA[login]]>
  </system-out>
  <testcase classname="TestFlags.InvocationCount" name="a" time="0.001"/>
  <system-out>
    <![CDATA[login]]>
  </system-out>
  <testcase classname="TestFlags.InvocationCount" name="a" time="0.004"/>
  <system-out>
    <![CDATA[login]]>
  </system-out>
  <testcase classname="TestFlags.InvocationCount" name="a" time="0.002"/>
  <system-out>
    <![CDATA[login]]>
  </system-out>
  <testcase classname="TestFlags.InvocationCount" name="a" time="0.001"/>
  <system-out>
    <![CDATA[login]]>
  </system-out>
  <testcase classname="TestFlags.InvocationCount" name="a" time="0.001"/>
  <system-out>
    <![CDATA[login]]>
  </system-out>
  <testcase classname="TestFlags.InvocationCount" name="a" time="0.001"/>
  <system-out>
    <![CDATA[login]]>
  </system-out>
  <testcase classname="TestFlags.InvocationCount" name="a" time="0.001"/>
  <system-out>
    <![CDATA[login]]>
  </system-out>
  <testcase classname="TestFlags.InvocationCount" name="a" time="0.001"/>
  <system-out>
    <![CDATA[login]]>
  </system-out>
  <testcase classname="TestFlags.InvocationCount" name="a" time="0.000"/>
  <system-out>
    <![CDATA[login]]>
  </system-out>
  <testcase classname="TestFlags.InvocationCount" name="a" time="0.003"/>
  <system-out>
    <![CDATA[login]]>
  </system-out>
  <testcase classname="TestFlags.InvocationCount" name="a" time="0.000"/>
  <system-out>
    <![CDATA[login]]>
  </system-out>
  <testcase classname="TestFlags.InvocationCount" name="a" time="0.000"/>
  <system-out>
    <![CDATA[login]]>
  </system-out>
  <testcase classname="TestFlags.InvocationCount" name="a" time="0.000"/>
  <system-out>
    <![CDATA[login]]>
  </system-out>
  <testcase classname="TestFlags.InvocationCount" name="a" time="0.001"/>
  <system-out>
    <![CDATA[login]]>
  </system-out>
  <testcase classname="TestFlags.InvocationCount" name="a" time="0.001"/>
  <system-out>
    <![CDATA[login]]>
  </system-out>
  <testcase classname="TestFlags.InvocationCount" name="a" time="0.009"/>
  <system-out>
    <![CDATA[login]]>
  </system-out>
  <testcase classname="TestFlags.InvocationCount" name="a" time="0.000"/>
  <system-out>
    <![CDATA[login]]>
  </system-out>
  <testcase classname="TestFlags.InvocationCount" name="a" time="0.000"/>
  <system-out>
    <![CDATA[login]]>
  </system-out>
  <testcase classname="TestFlags.InvocationCount" name="a" time="0.001"/>
  <system-out>
    <![CDATA[login]]>
  </system-out>
  <testcase classname="TestFlags.InvocationCount" name="a" time="0.001"/>
  <system-out>
    <![CDATA[login]]>
  </system-out>
  <testcase classname="TestFlags.InvocationCount" name="a" time="0.000"/>
  <system-out>
    <![CDATA[login]]>
  </system-out>
  <testcase classname="TestFlags.InvocationCount" name="a" time="0.001"/>
  <system-out>
    <![CDATA[login]]>
  </system-out>
  <testcase classname="TestFlags.InvocationCount" name="a" time="0.001"/>
  <system-out>
    <![CDATA[login]]>
  </system-out>
  <testcase classname="TestFlags.InvocationCount" name="a" time="0.001"/>
  <system-out>
    <![CDATA[login]]>
  </system-out>
  <testcase classname="TestFlags.InvocationCount" name="a" time="0.004"/>
  <system-out>
    <![CDATA[login]]>
  </system-out>
  <testcase classname="TestFlags.InvocationCount" name="a" time="0.001"/>
  <system-out>
    <![CDATA[login]]>
  </system-out>
  <testcase classname="TestFlags.InvocationCount" name="a" time="0.001"/>
  <system-out>
    <![CDATA[login]]>
  </system-out>
  <testcase classname="TestFlags.InvocationCount" name="a" time="0.003"/>
  <system-out>
    <![CDATA[login]]>
  </system-out>
  <testcase classname="TestFlags.InvocationCount" name="a" time="0.000"/>
  <system-out>
    <![CDATA[login]]>
  </system-out>
  <testcase classname="TestFlags.InvocationCount" name="a" time="0.001"/>
  <system-out>
    <![CDATA[login]]>
  </system-out>
  <testcase classname="TestFlags.InvocationCount" name="a" time="0.002"/>
  <system-out>
    <![CDATA[login]]>
  </system-out>
  <testcase classname="TestFlags.InvocationCount" name="a" time="0.001"/>
  <system-out>
    <![CDATA[login]]>
  </system-out>
  <testcase classname="TestFlags.InvocationCount" name="a" time="0.000"/>
  <system-out>
    <![CDATA[login]]>
  </system-out>
  <testcase classname="TestFlags.InvocationCount" name="a" time="0.001"/>
  <system-out>
    <![CDATA[login]]>
  </system-out>
  <testcase classname="TestFlags.InvocationCount" name="a" time="0.001"/>
  <system-out>
    <![CDATA[login]]>
  </system-out>
  <testcase classname="TestFlags.InvocationCount" name="a" time="0.001"/>
  <system-out>
    <![CDATA[login]]>
  </system-out>
  <testcase classname="TestFlags.InvocationCount" name="a" time="0.000"/>
  <system-out>
    <![CDATA[login]]>
  </system-out>
  <testcase classname="TestFlags.InvocationCount" name="a" time="0.000"/>
  <system-out>
    <![CDATA[login]]>
  </system-out>
  <testcase classname="TestFlags.InvocationCount" name="a" time="0.001"/>
  <system-out>
    <![CDATA[login]]>
  </system-out>
  <testcase classname="TestFlags.InvocationCount" name="a" time="0.005"/>
  <system-out>
    <![CDATA[login]]>
  </system-out>
  <testcase classname="TestFlags.InvocationCount" name="a" time="0.001"/>
  <system-out>
    <![CDATA[login]]>
  </system-out>
  <testcase classname="TestFlags.InvocationCount" name="a" time="0.002"/>
  <system-out>
    <![CDATA[login]]>
  </system-out>
  <testcase classname="TestFlags.InvocationCount" name="a" time="0.000"/>
  <system-out>
    <![CDATA[login]]>
  </system-out>
  <testcase classname="TestFlags.InvocationCount" name="a" time="0.001"/>
  <system-out>
    <![CDATA[login]]>
  </system-out>
  <testcase classname="TestFlags.InvocationCount" name="a" time="0.000"/>
  <system-out>
    <![CDATA[login]]>
  </system-out>
  <testcase classname="TestFlags.InvocationCount" name="a" time="0.000"/>
  <system-out>
    <![CDATA[login]]>
  </system-out>
  <testcase classname="TestFlags.InvocationCount" name="a" time="0.001"/>
  <system-out>
    <![CDATA[login]]>
  </system-out>
  <testcase classname="TestFlags.InvocationCount" name="a" time="0.000"/>
  <system-out>
    <![CDATA[login]]>
  </system-out>
  <testcase classname="TestFlags.InvocationCount" name="a" time="0.002"/>
  <system-out>
    <![CDATA[login]]>
  </system-out>
  <testcase classname="TestFlags.InvocationCount" name="a" time="0.001"/>
  <system-out>
    <![CDATA[login]]>
  </system-out>
  <testcase classname="TestFlags.InvocationCount" name="a" time="0.001"/>
  <system-out>
    <![CDATA[login]]>
  </system-out>
  <testcase classname="TestFlags.InvocationCount" name="a" time="0.001"/>
  <system-out>
    <![CDATA[login]]>
  </system-out>
  <testcase classname="TestFlags.InvocationCount" name="a" time="0.001"/>
  <system-out>
    <![CDATA[login]]>
  </system-out>
  <testcase classname="TestFlags.InvocationCount" name="a" time="0.001"/>
  <system-out>
    <![CDATA[login]]>
  </system-out>
  <testcase classname="TestFlags.InvocationCount" name="a" time="0.000"/>
  <system-out>
    <![CDATA[login]]>
  </system-out>
  <testcase classname="TestFlags.InvocationCount" name="a" time="0.004"/>
  <system-out>
    <![CDATA[login]]>
  </system-out>
  <testcase classname="TestFlags.InvocationCount" name="a" time="0.000"/>
  <system-out>
    <![CDATA[login]]>
  </system-out>
  <testcase classname="TestFlags.InvocationCount" name="a" time="0.001"/>
  <system-out>
    <![CDATA[login]]>
  </system-out>
  <testcase classname="TestFlags.InvocationCount" name="a" time="0.001"/>
  <system-out>
    <![CDATA[login]]>
  </system-out>
  <testcase classname="TestFlags.InvocationCount" name="a" time="0.000"/>
  <system-out>
    <![CDATA[login]]>
  </system-out>
  <testcase classname="TestFlags.InvocationCount" name="a" time="0.000"/>
  <system-out>
    <![CDATA[login]]>
  </system-out>
  <testcase classname="TestFlags.InvocationCount" name="a" time="0.001"/>
  <system-out>
    <![CDATA[login]]>
  </system-out>
  <testcase classname="TestFlags.InvocationCount" name="a" time="0.000"/>
  <system-out>
    <![CDATA[login]]>
  </system-out>
  <testcase classname="TestFlags.InvocationCount" name="a" time="0.001"/>
  <system-out>
    <![CDATA[login]]>
  </system-out>
  <testcase classname="TestFlags.InvocationCount" name="a" time="0.001"/>
  <system-out>
    <![CDATA[login]]>
  </system-out>
  <testcase classname="TestFlags.InvocationCount" name="a" time="0.001"/>
  <system-out>
    <![CDATA[login]]>
  </system-out>
  <testcase classname="TestFlags.InvocationCount" name="a" time="0.001"/>
  <system-out>
    <![CDATA[login]]>
  </system-out>
  <testcase classname="TestFlags.InvocationCount" name="a" time="0.001"/>
  <system-out>
    <![CDATA[login]]>
  </system-out>
  <testcase classname="TestFlags.InvocationCount" name="a" time="0.001"/>
  <system-out>
    <![CDATA[login]]>
  </system-out>
  <testcase classname="TestFlags.InvocationCount" name="a" time="0.002"/>
  <system-out>
    <![CDATA[login]]>
  </system-out>
  <testcase classname="TestFlags.InvocationCount" name="a" time="0.001"/>
  <system-out>
    <![CDATA[login]]>
  </system-out>
  <testcase classname="TestFlags.InvocationCount" name="a" time="0.000"/>
  <system-out>
    <![CDATA[login]]>
  </system-out>
  <testcase classname="TestFlags.InvocationCount" name="a" time="0.000"/>
  <system-out>
    <![CDATA[login]]>
  </system-out>
  <testcase classname="TestFlags.InvocationCount" name="a" time="0.002"/>
  <system-out>
    <![CDATA[login]]>
  </system-out>
  <testcase classname="TestFlags.InvocationCount" name="a" time="0.001"/>
  <system-out>
    <![CDATA[login]]>
  </system-out>
  <testcase classname="TestFlags.InvocationCount" name="a" time="0.000"/>
  <system-out>
    <![CDATA[login]]>
  </system-out>
  <testcase classname="TestFlags.InvocationCount" name="a" time="0.000"/>
  <system-out>
    <![CDATA[login]]>
  </system-out>
  <testcase classname="TestFlags.InvocationCount" name="a" time="0.000"/>
  <system-out>
    <![CDATA[login]]>
  </system-out>
  <testcase classname="TestFlags.InvocationCount" name="a" time="0.001"/>
  <system-out>
    <![CDATA[login]]>
  </system-out>
  <testcase classname="TestFlags.InvocationCount" name="a" time="0.000"/>
  <system-out>
    <![CDATA[login]]>
  </system-out>
  <testcase classname="TestFlags.InvocationCount" name="a" time="0.000"/>
  <system-out>
    <![CDATA[login]]>
  </system-out>
  <testcase classname="TestFlags.InvocationCount" name="a" time="0.001"/>
  <system-out>
    <![CDATA[login]]>
  </system-out>
  <testcase classname="TestFlags.InvocationCount" name="a" time="0.001"/>
  <system-out>
    <![CDATA[login]]>
  </system-out>
  <testcase classname="TestFlags.InvocationCount" name="a" time="0.000"/>
  <system-out>
    <![CDATA[login]]>
  </system-out>
  <testcase classname="TestFlags.InvocationCount" name="a" time="0.001"/>
  <system-out>
    <![CDATA[login]]>
  </system-out>
  <testcase classname="TestFlags.InvocationCount" name="a" time="0.001"/>
  <system-out>
    <![CDATA[login]]>
  </system-out>
  <testcase classname="TestFlags.InvocationCount" name="a" time="0.001"/>
  <system-out>
    <![CDATA[login]]>
  </system-out>
  <testcase classname="TestFlags.InvocationCount" name="a" time="0.000"/>
  <system-out>
    <![CDATA[login]]>
  </system-out>
  <testcase classname="TestFlags.InvocationCount" name="a" time="0.001"/>
  <system-out>
    <![CDATA[login]]>
  </system-out>
  <testcase classname="TestFlags.InvocationCount" name="a" time="0.001"/>
  <system-out>
    <![CDATA[login]]>
  </system-out>
  <testcase classname="TestFlags.InvocationCount" name="a" time="0.001"/>
  <system-out>
    <![CDATA[login]]>
  </system-out>
  <testcase classname="TestFlags.InvocationCount" name="a" time="0.001"/>
  <system-out>
    <![CDATA[login]]>
  </system-out>
  <testcase classname="TestFlags.InvocationCount" name="a" time="0.006"/>
  <system-out>
    <![CDATA[login]]>
  </system-out>
  <testcase classname="TestFlags.InvocationCount" name="a" time="0.001"/>
  <system-out>
    <![CDATA[login]]>
  </system-out>
  <testcase classname="TestFlags.InvocationCount" name="a" time="0.003"/>
  <system-out>
    <![CDATA[login]]>
  </system-out>
  <testcase classname="TestFlags.InvocationCount" name="a" time="0.001"/>
  <system-out>
    <![CDATA[login]]>
  </system-out>
  <testcase classname="TestFlags.InvocationCount" name="a" time="0.001"/>
  <system-out>
    <![CDATA[login]]>
  </system-out>
  <testcase classname="TestFlags.InvocationCount" name="a" time="0.000"/>
  <system-out>
    <![CDATA[login]]>
  </system-out>
  <testcase classname="TestFlags.InvocationCount" name="a" time="0.001"/>
  <system-out>
    <![CDATA[login]]>
  </system-out>
  <testcase classname="TestFlags.InvocationCount" name="a" time="0.001"/>
  <system-out>
    <![CDATA[login]]>
  </system-out>
  <testcase classname="TestFlags.InvocationCount" name="a" time="0.013"/>
  <system-out>
    <![CDATA[login]]>
  </system-out>
  <testcase classname="TestFlags.InvocationCount" name="a" time="0.001"/>
  <system-out>
    <![CDATA[login]]>
  </system-out>
  <testcase classname="TestFlags.InvocationCount" name="a" time="0.001"/>
  <system-out>
    <![CDATA[login]]>
  </system-out>
  <testcase classname="TestFlags.InvocationCount" name="a" time="0.001"/>
  <system-out>
    <![CDATA[login]]>
  </system-out>
  <testcase classname="TestFlags.InvocationCount" name="a" time="0.000"/>
  <system-out>
    <![CDATA[login]]>
  </system-out>
  <testcase classname="TestFlags.InvocationCount" name="a" time="0.001"/>
  <system-out>
    <![CDATA[login]]>
  </system-out>
  <testcase classname="TestFlags.InvocationCount" name="a" time="0.001"/>
  <system-out>
    <![CDATA[login]]>
  </system-out>
  <testcase classname="TestFlags.InvocationCount" name="a" time="0.000"/>
  <system-out>
    <![CDATA[login]]>
  </system-out>
  <testcase classname="TestFlags.InvocationCount" name="a" time="0.000"/>
  <system-out>
    <![CDATA[login]]>
  </system-out>
  <testcase classname="TestFlags.InvocationCount" name="a" time="0.000"/>
  <system-out>
    <![CDATA[login]]>
  </system-out>
  <testcase classname="TestFlags.InvocationCount" name="a" time="0.001"/>
  <system-out>
    <![CDATA[login]]>
  </system-out>
  <testcase classname="TestFlags.InvocationCount" name="a" time="0.001"/>
  <system-out>
    <![CDATA[login]]>
  </system-out>
  <testcase classname="TestFlags.InvocationCount" name="a" time="0.001"/>
  <system-out>
    <![CDATA[login]]>
  </system-out>
  <testcase classname="TestFlags.InvocationCount" name="a" time="0.000"/>
  <system-out>
    <![CDATA[login]]>
  </system-out>
  <testcase classname="TestFlags.InvocationCount" name="a" time="0.000"/>
  <system-out>
    <![CDATA[login]]>
  </system-out>
  <testcase classname="TestFlags.InvocationCount" name="a" time="0.001"/>
  <system-out>
    <![CDATA[login]]>
  </system-out>
  <testcase classname="TestFlags.InvocationCount" name="a" time="0.003"/>
  <system-out>
    <![CDATA[login]]>
  </system-out>
  <testcase classname="TestFlags.InvocationCount" name="a" time="0.000"/>
  <system-out>
    <![CDATA[login]]>
  </system-out>
  <testcase classname="TestFlags.InvocationCount" name="a" time="0.003"/>
  <system-out>
    <![CDATA[login]]>
  </system-out>
  <testcase classname="TestFlags.InvocationCount" name="a" time="0.000"/>
  <system-out>
    <![CDATA[login]]>
  </system-out>
  <testcase classname="TestFlags.InvocationCount" name="a" time="0.000"/>
  <system-out>
    <![CDATA[login]]>
  </system-out>
  <testcase classname="TestFlags.InvocationCount" name="a" time="0.001"/>
  <system-out>
    <![CDATA[login]]>
  </system-out>
  <testcase classname="TestFlags.InvocationCount" name="a" time="0.001"/>
  <system-out>
    <![CDATA[login]]>
  </system-out>
  <testcase classname="TestFlags.InvocationCount" name="a" time="0.001"/>
  <system-out>
    <![CDATA[login]]>
  </system-out>
  <testcase classname="TestFlags.InvocationCount" name="a" time="0.001"/>
  <system-out>
    <![CDATA[login]]>
  </system-out>
  <testcase classname="TestFlags.InvocationCount" name="a" time="0.000"/>
  <system-out>
    <![CDATA[login]]>
  </system-out>
  <testcase classname="TestFlags.InvocationCount" name="a" time="0.002"/>
  <system-out>
    <![CDATA[login]]>
  </system-out>
  <testcase classname="TestFlags.InvocationCount" name="a" time="0.001"/>
  <system-out>
    <![CDATA[login]]>
  </system-out>
  <testcase classname="TestFlags.InvocationCount" name="a" time="0.001"/>
  <system-out>
    <![CDATA[login]]>
  </system-out>
  <testcase classname="TestFlags.InvocationCount" name="a" time="0.002"/>
  <system-out>
    <![CDATA[login]]>
  </system-out>
  <testcase classname="TestFlags.InvocationCount" name="a" time="0.001"/>
  <system-out>
    <![CDATA[login]]>
  </system-out>
  <testcase classname="TestFlags.InvocationCount" name="a" time="0.001"/>
  <system-out>
    <![CDATA[login]]>
  </system-out>
  <testcase classname="TestFlags.InvocationCount" name="a" time="0.001"/>
  <system-out>
    <![CDATA[login]]>
  </system-out>
  <testcase classname="TestFlags.InvocationCount" name="a" time="0.001"/>
  <system-out>
    <![CDATA[login]]>
  </system-out>
  <testcase classname="TestFlags.InvocationCount" name="a" time="0.003"/>
  <system-out>
    <![CDATA[login]]>
  </system-out>
  <testcase classname="TestFlags.InvocationCount" name="a" time="0.001"/>
  <system-out>
    <![CDATA[login]]>
  </system-out>
  <testcase classname="TestFlags.InvocationCount" name="a" time="0.001"/>
  <system-out>
    <![CDATA[login]]>
  </system-out>
  <testcase classname="TestFlags.InvocationCount" name="a" time="0.000"/>
  <system-out>
    <![CDATA[login]]>
  </system-out>
  <testcase classname="TestFlags.InvocationCount" name="a" time="0.001"/>
  <system-out>
    <![CDATA[login]]>
  </system-out>
  <testcase classname="TestFlags.InvocationCount" name="a" time="0.001"/>
  <system-out>
    <![CDATA[login]]>
  </system-out>
  <testcase classname="TestFlags.InvocationCount" name="a" time="0.001"/>
  <system-out>
    <![CDATA[login]]>
  </system-out>
  <testcase classname="TestFlags.InvocationCount" name="a" time="0.002"/>
  <system-out>
    <![CDATA[login]]>
  </system-out>
  <testcase classname="TestFlags.InvocationCount" name="a" time="0.018"/>
  <system-out>
    <![CDATA[login]]>
  </system-out>
  <testcase classname="TestFlags.InvocationCount" name="a" time="0.005"/>
  <system-out>
    <![CDATA[login]]>
  </system-out>
  <testcase classname="TestFlags.InvocationCount" name="a" time="0.002"/>
  <system-out>
    <![CDATA[login]]>
  </system-out>
  <testcase classname="TestFlags.InvocationCount" name="a" time="0.001"/>
  <system-out>
    <![CDATA[login]]>
  </system-out>
  <testcase classname="TestFlags.InvocationCount" name="a" time="0.001"/>
  <system-out>
    <![CDATA[login]]>
  </system-out>
  <testcase classname="TestFlags.InvocationCount" name="a" time="0.001"/>
  <system-out>
    <![CDATA[login]]>
  </system-out>
  <testcase classname="TestFlags.InvocationCount" name="a" time="0.002"/>
  <system-out>
    <![CDATA[login]]>
  </system-out>
  <testcase classname="TestFlags.InvocationCount" name="a" time="0.003"/>
  <system-out>
    <![CDATA[login]]>
  </system-out>
  <testcase classname="TestFlags.InvocationCount" name="a" time="0.001"/>
  <system-out>
    <![CDATA[login]]>
  </system-out>
  <testcase classname="TestFlags.InvocationCount" name="a" time="0.001"/>
  <system-out>
    <![CDATA[login]]>
  </system-out>
  <testcase classname="TestFlags.InvocationCount" name="a" time="0.002"/>
  <system-out>
    <![CDATA[login]]>
  </system-out>
  <testcase classname="TestFlags.InvocationCount" name="a" time="0.004"/>
  <system-out>
    <![CDATA[login]]>
  </system-out>
  <testcase classname="TestFlags.InvocationCount" name="a" time="0.000"/>
  <system-out>
    <![CDATA[login]]>
  </system-out>
  <testcase classname="TestFlags.InvocationCount" name="a" time="0.001"/>
  <system-out>
    <![CDATA[login]]>
  </system-out>
  <testcase classname="TestFlags.InvocationCount" name="a" time="0.001"/>
  <system-out>
    <![CDATA[login]]>
  </system-out>
  <testcase classname="TestFlags.InvocationCount" name="a" time="0.001"/>
  <system-out>
    <![CDATA[login]]>
  </system-out>
  <testcase classname="TestFlags.InvocationCount" name="a" time="0.001"/>
  <system-out>
    <![CDATA[login]]>
  </system-out>
  <testcase classname="TestFlags.InvocationCount" name="a" time="0.001"/>
  <system-out>
    <![CDATA[login]]>
  </system-out>
  <testcase classname="TestFlags.InvocationCount" name="a" time="0.000"/>
  <system-out>
    <![CDATA[login]]>
  </system-out>
  <testcase classname="TestFlags.InvocationCount" name="a" time="0.001"/>
  <system-out>
    <![CDATA[login]]>
  </system-out>
  <testcase classname="TestFlags.InvocationCount" name="a" time="0.000"/>
  <system-out>
    <![CDATA[login]]>
  </system-out>
  <testcase classname="TestFlags.InvocationCount" name="a" time="0.000"/>
  <system-out>
    <![CDATA[login]]>
  </system-out>
  <testcase classname="TestFlags.InvocationCount" name="a" time="0.005"/>
  <system-out>
    <![CDATA[login]]>
  </system-out>
  <testcase classname="TestFlags.InvocationCount" name="a" time="0.000"/>
  <system-out>
    <![CDATA[login]]>
  </system-out>
  <testcase classname="TestFlags.InvocationCount" name="a" time="0.000"/>
  <system-out>
    <![CDATA[login]]>
  </system-out>
  <testcase classname="TestFlags.InvocationCount" name="a" time="0.001"/>
  <system-out>
    <![CDATA[login]]>
  </system-out>
  <testcase classname="TestFlags.InvocationCount" name="a" time="0.000"/>
  <system-out>
    <![CDATA[login]]>
  </system-out>
  <testcase classname="TestFlags.InvocationCount" name="a" time="0.001"/>
  <system-out>
    <![CDATA[login]]>
  </system-out>
  <testcase classname="TestFlags.InvocationCount" name="a" time="0.001"/>
  <system-out>
    <![CDATA[login]]>
  </system-out>
  <testcase classname="TestFlags.InvocationCount" name="a" time="0.003"/>
  <system-out>
    <![CDATA[login]]>
  </system-out>
  <testcase classname="TestFlags.InvocationCount" name="a" time="0.001"/>
  <system-out>
    <![CDATA[login]]>
  </system-out>
  <testcase classname="TestFlags.InvocationCount" name="a" time="0.001"/>
  <system-out>
    <![CDATA[login]]>
  </system-out>
  <testcase classname="TestFlags.InvocationCount" name="a" time="0.001"/>
  <system-out>
    <![CDATA[login]]>
  </system-out>
  <testcase classname="TestFlags.InvocationCount" name="a" time="0.001"/>
  <system-out>
    <![CDATA[login]]>
  </system-out>
  <testcase classname="TestFlags.InvocationCount" name="a" time="0.001"/>
  <system-out>
    <![CDATA[login]]>
  </system-out>
  <testcase classname="TestFlags.InvocationCount" name="a" time="0.000"/>
  <system-out>
    <![CDATA[login]]>
  </system-out>
  <testcase classname="TestFlags.InvocationCount" name="a" time="0.001"/>
  <system-out>
    <![CDATA[login]]>
  </system-out>
  <testcase classname="TestFlags.InvocationCount" name="a" time="0.001"/>
  <system-out>
    <![CDATA[login]]>
  </system-out>
  <testcase classname="TestFlags.InvocationCount" name="a" time="0.001"/>
  <system-out>
    <![CDATA[login]]>
  </system-out>
  <testcase classname="TestFlags.InvocationCount" name="a" time="0.003"/>
  <system-out>
    <![CDATA[login]]>
  </system-out>
  <testcase classname="TestFlags.InvocationCount" name="a" time="0.003"/>
  <system-out>
    <![CDATA[login]]>
  </system-out>
  <testcase classname="TestFlags.InvocationCount" name="a" time="0.001"/>
  <system-out>
    <![CDATA[login]]>
  </system-out>
  <testcase classname="TestFlags.InvocationCount" name="a" time="0.000"/>
  <system-out>
    <![CDATA[login]]>
  </system-out>
  <testcase classname="TestFlags.InvocationCount" name="a" time="0.001"/>
  <system-out>
    <![CDATA[login]]>
  </system-out>
  <testcase classname="TestFlags.InvocationCount" name="a" time="0.000"/>
  <system-out>
    <![CDATA[login]]>
  </system-out>
  <testcase classname="TestFlags.InvocationCount" name="a" time="0.001"/>
  <system-out>
    <![CDATA[login]]>
  </system-out>
  <testcase classname="TestFlags.InvocationCount" name="a" time="0.000"/>
  <system-out>
    <![CDATA[login]]>
  </system-out>
  <testcase classname="TestFlags.InvocationCount" name="a" time="0.000"/>
  <system-out>
    <![CDATA[login]]>
  </system-out>
  <testcase classname="TestFlags.InvocationCount" name="a" time="0.000"/>
  <system-out>
    <![CDATA[login]]>
  </system-out>
  <testcase classname="TestFlags.InvocationCount" name="a" time="0.000"/>
  <system-out>
    <![CDATA[login]]>
  </system-out>
  <testcase classname="TestFlags.InvocationCount" name="a" time="0.001"/>
  <system-out>
    <![CDATA[login]]>
  </system-out>
  <testcase classname="TestFlags.InvocationCount" name="a" time="0.002"/>
  <system-out>
    <![CDATA[login]]>
  </system-out>
  <testcase classname="TestFlags.InvocationCount" name="a" time="0.001"/>
  <system-out>
    <![CDATA[login]]>
  </system-out>
  <testcase classname="TestFlags.InvocationCount" name="a" time="0.003"/>
  <system-out>
    <![CDATA[login]]>
  </system-out>
  <testcase classname="TestFlags.InvocationCount" name="a" time="0.001"/>
  <system-out>
    <![CDATA[login]]>
  </system-out>
  <testcase classname="TestFlags.InvocationCount" name="a" time="0.001"/>
  <system-out>
    <![CDATA[login]]>
  </system-out>
  <testcase classname="TestFlags.InvocationCount" name="a" time="0.001"/>
  <system-out>
    <![CDATA[login]]>
  </system-out>
  <testcase classname="TestFlags.InvocationCount" name="a" time="0.001"/>
  <system-out>
    <![CDATA[login]]>
  </system-out>
  <testcase classname="TestFlags.InvocationCount" name="a" time="0.001"/>
  <system-out>
    <![CDATA[login]]>
  </system-out>
  <testcase classname="TestFlags.InvocationCount" name="a" time="0.000"/>
  <system-out>
    <![CDATA[login]]>
  </system-out>
  <testcase classname="TestFlags.InvocationCount" name="a" time="0.002"/>
  <system-out>
    <![CDATA[login]]>
  </system-out>
  <testcase classname="TestFlags.InvocationCount" name="a" time="0.000"/>
  <system-out>
    <![CDATA[login]]>
  </system-out>
  <testcase classname="TestFlags.InvocationCount" name="a" time="0.001"/>
  <system-out>
    <![CDATA[login]]>
  </system-out>
  <testcase classname="TestFlags.InvocationCount" name="a" time="0.001"/>
  <system-out>
    <![CDATA[login]]>
  </system-out>
  <testcase classname="TestFlags.InvocationCount" name="a" time="0.000"/>
  <system-out>
    <![CDATA[login]]>
  </system-out>
  <testcase classname="TestFlags.InvocationCount" name="a" time="0.001"/>
  <system-out>
    <![CDATA[login]]>
  </system-out>
  <testcase classname="TestFlags.InvocationCount" name="a" time="0.000"/>
  <system-out>
    <![CDATA[login]]>
  </system-out>
  <testcase classname="TestFlags.InvocationCount" name="a" time="0.002"/>
  <system-out>
    <![CDATA[login]]>
  </system-out>
  <testcase classname="TestFlags.InvocationCount" name="a" time="0.000"/>
  <system-out>
    <![CDATA[login]]>
  </system-out>
  <testcase classname="TestFlags.InvocationCount" name="a" time="0.000"/>
  <system-out>
    <![CDATA[login]]>
  </system-out>
  <testcase classname="TestFlags.InvocationCount" name="a" time="0.001"/>
  <system-out>
    <![CDATA[login]]>
  </system-out>
  <testcase classname="TestFlags.InvocationCount" name="a" time="0.001"/>
  <system-out>
    <![CDATA[login]]>
  </system-out>
  <testcase classname="TestFlags.InvocationCount" name="a" time="0.000"/>
  <system-out>
    <![CDATA[login]]>
  </system-out>
  <testcase classname="TestFlags.InvocationCount" name="a" time="0.001"/>
  <system-out>
    <![CDATA[login]]>
  </system-out>
  <testcase classname="TestFlags.InvocationCount" name="a" time="0.000"/>
  <system-out>
    <![CDATA[login]]>
  </system-out>
  <testcase classname="TestFlags.InvocationCount" name="a" time="0.002"/>
  <system-out>
    <![CDATA[login]]>
  </system-out>
  <testcase classname="TestFlags.InvocationCount" name="a" time="0.000"/>
  <system-out>
    <![CDATA[login]]>
  </system-out>
  <testcase classname="TestFlags.InvocationCount" name="a" time="0.001"/>
  <system-out>
    <![CDATA[login]]>
  </system-out>
  <testcase classname="TestFlags.InvocationCount" name="a" time="0.001"/>
  <system-out>
    <![CDATA[login]]>
  </system-out>
  <testcase classname="TestFlags.InvocationCount" name="a" time="0.003"/>
  <system-out>
    <![CDATA[login]]>
  </system-out>
  <testcase classname="TestFlags.InvocationCount" name="a" time="0.000"/>
  <system-out>
    <![CDATA[login]]>
  </system-out>
  <testcase classname="TestFlags.InvocationCount" name="a" time="0.001"/>
  <system-out>
    <![CDATA[login]]>
  </system-out>
  <testcase classname="TestFlags.InvocationCount" name="a" time="0.000"/>
  <system-out>
    <![CDATA[login]]>
  </system-out>
  <testcase classname="TestFlags.InvocationCount" name="a" time="0.001"/>
  <system-out>
    <![CDATA[login]]>
  </system-out>
  <testcase classname="TestFlags.InvocationCount" name="a" time="0.001"/>
  <system-out>
    <![CDATA[login]]>
  </system-out>
  <testcase classname="TestFlags.InvocationCount" name="a" time="0.000"/>
  <system-out>
    <![CDATA[login]]>
  </system-out>
  <testcase classname="TestFlags.InvocationCount" name="a" time="0.006"/>
  <system-out>
    <![CDATA[login]]>
  </system-out>
  <testcase classname="TestFlags.InvocationCount" name="a" time="0.001"/>
  <system-out>
    <![CDATA[login]]>
  </system-out>
  <testcase classname="TestFlags.InvocationCount" name="a" time="0.000"/>
  <system-out>
    <![CDATA[login]]>
  </system-out>
  <testcase classname="TestFlags.InvocationCount" name="a" time="0.001"/>
  <system-out>
    <![CDATA[login]]>
  </system-out>
  <testcase classname="TestFlags.InvocationCount" name="a" time="0.001"/>
  <system-out>
    <![CDATA[login]]>
  </system-out>
  <testcase classname="TestFlags.InvocationCount" name="a" time="0.000"/>
  <system-out>
    <![CDATA[login]]>
  </system-out>
  <testcase classname="TestFlags.InvocationCount" name="a" time="0.002"/>
  <system-out>
    <![CDATA[login]]>
  </system-out>
  <testcase classname="TestFlags.InvocationCount" name="a" time="0.001"/>
  <system-out>
    <![CDATA[login]]>
  </system-out>
  <testcase classname="TestFlags.InvocationCount" name="a" time="0.000"/>
  <system-out>
    <![CDATA[login]]>
  </system-out>
  <testcase classname="TestFlags.InvocationCount" name="a" time="0.001"/>
  <system-out>
    <![CDATA[login]]>
  </system-out>
  <testcase classname="TestFlags.InvocationCount" name="a" time="0.007"/>
  <system-out>
    <![CDATA[login]]>
  </system-out>
  <testcase classname="TestFlags.InvocationCount" name="a" time="0.001"/>
  <system-out>
    <![CDATA[login]]>
  </system-out>
  <testcase classname="TestFlags.InvocationCount" name="a" time="0.001"/>
  <system-out>
    <![CDATA[login]]>
  </system-out>
  <testcase classname="TestFlags.InvocationCount" name="a" time="0.001"/>
  <system-out>
    <![CDATA[login]]>
  </system-out>
  <testcase classname="TestFlags.InvocationCount" name="a" time="0.000"/>
  <system-out>
    <![CDATA[login]]>
  </system-out>
  <testcase classname="TestFlags.InvocationCount" name="a" time="0.001"/>
  <system-out>
    <![CDATA[login]]>
  </system-out>
  <testcase classname="TestFlags.InvocationCount" name="a" time="0.001"/>
  <system-out>
    <![CDATA[login]]>
  </system-out>
  <testcase classname="TestFlags.InvocationCount" name="a" time="0.001"/>
  <system-out>
    <![CDATA[login]]>
  </system-out>
  <testcase classname="TestFlags.InvocationCount" name="a" time="0.001"/>
  <system-out>
    <![CDATA[login]]>
  </system-out>
  <testcase classname="TestFlags.InvocationCount" name="a" time="0.001"/>
  <system-out>
    <![CDATA[login]]>
  </system-out>
  <testcase classname="TestFlags.InvocationCount" name="a" time="0.002"/>
  <system-out>
    <![CDATA[login]]>
  </system-out>
  <testcase classname="TestFlags.InvocationCount" name="a" time="0.002"/>
  <system-out>
    <![CDATA[login]]>
  </system-out>
  <testcase classname="TestFlags.InvocationCount" name="a" time="0.000"/>
  <system-out>
    <![CDATA[login]]>
  </system-out>
  <testcase classname="TestFlags.InvocationCount" name="a" time="0.001"/>
  <system-out>
    <![CDATA[login]]>
  </system-out>
  <testcase classname="TestFlags.InvocationCount" name="a" time="0.001"/>
  <system-out>
    <![CDATA[login]]>
  </system-out>
  <testcase classname="TestFlags.InvocationCount" name="a" time="0.001"/>
  <system-out>
    <![CDATA[login]]>
  </system-out>
  <testcase classname="TestFlags.InvocationCount" name="a" time="0.001"/>
  <system-out>
    <![CDATA[login]]>
  </system-out>
  <testcase classname="TestFlags.InvocationCount" name="a" time="0.001"/>
  <system-out>
    <![CDATA[login]]>
  </system-out>
  <testcase classname="TestFlags.InvocationCount" name="a" time="0.001"/>
  <system-out>
    <![CDATA[login]]>
  </system-out>
  <testcase classname="TestFlags.InvocationCount" name="a" time="0.001"/>
  <system-out>
    <![CDATA[login]]>
  </system-out>
  <testcase classname="TestFlags.InvocationCount" name="a" time="0.000"/>
  <system-out>
    <![CDATA[login]]>
  </system-out>
  <testcase classname="TestFlags.InvocationCount" name="a" time="0.001"/>
  <system-out>
    <![CDATA[login]]>
  </system-out>
  <testcase classname="TestFlags.InvocationCount" name="a" time="0.001"/>
  <system-out>
    <![CDATA[login]]>
  </system-out>
  <testcase classname="TestFlags.InvocationCount" name="a" time="0.001"/>
  <system-out>
    <![CDATA[login]]>
  </system-out>
  <testcase classname="TestFlags.InvocationCount" name="a" time="0.000"/>
  <system-out>
    <![CDATA[login]]>
  </system-out>
  <testcase classname="TestFlags.InvocationCount" name="a" time="0.001"/>
  <system-out>
    <![CDATA[login]]>
  </system-out>
  <testcase classname="TestFlags.InvocationCount" name="a" time="0.001"/>
  <system-out>
    <![CDATA[login]]>
  </system-out>
  <testcase classname="TestFlags.InvocationCount" name="a" time="0.000"/>
  <system-out>
    <![CDATA[login]]>
  </system-out>
  <testcase classname="TestFlags.InvocationCount" name="a" time="0.003"/>
  <system-out>
    <![CDATA[login]]>
  </system-out>
  <testcase classname="TestFlags.InvocationCount" name="a" time="0.001"/>
  <system-out>
    <![CDATA[login]]>
  </system-out>
  <testcase classname="TestFlags.InvocationCount" name="a" time="0.001"/>
  <system-out>
    <![CDATA[login]]>
  </system-out>
  <testcase classname="TestFlags.InvocationCount" name="a" time="0.000"/>
  <system-out>
    <![CDATA[login]]>
  </system-out>
  <testcase classname="TestFlags.InvocationCount" name="a" time="0.000"/>
  <system-out>
    <![CDATA[login]]>
  </system-out>
  <testcase classname="TestFlags.InvocationCount" name="a" time="0.000"/>
  <system-out>
    <![CDATA[login]]>
  </system-out>
  <testcase classname="TestFlags.InvocationCount" name="a" time="0.001"/>
  <system-out>
    <![CDATA[login]]>
  </system-out>
  <testcase classname="TestFlags.InvocationCount" name="a" time="0.001"/>
  <system-out>
    <![CDATA[login]]>
  </system-out>
  <testcase classname="TestFlags.InvocationCount" name="a" time="0.001"/>
  <system-out>
    <![CDATA[login]]>
  </system-out>
  <testcase classname="TestFlags.InvocationCount" name="a" time="0.000"/>
  <system-out>
    <![CDATA[login]]>
  </system-out>
  <testcase classname="TestFlags.InvocationCount" name="a" time="0.001"/>
  <system-out>
    <![CDATA[login]]>
  </system-out>
  <testcase classname="TestFlags.InvocationCount" name="a" time="0.001"/>
  <system-out>
    <![CDATA[login]]>
  </system-out>
  <testcase classname="TestFlags.InvocationCount" name="a" time="0.001"/>
  <system-out>
    <![CDATA[login]]>
  </system-out>
  <testcase classname="TestFlags.InvocationCount" name="a" time="0.001"/>
  <system-out>
    <![CDATA[login]]>
  </system-out>
  <testcase classname="TestFlags.InvocationCount" name="a" time="0.001"/>
  <system-out>
    <![CDATA[login]]>
  </system-out>
  <testcase classname="TestFlags.InvocationCount" name="a" time="0.000"/>
  <system-out>
    <![CDATA[login]]>
  </system-out>
  <testcase classname="TestFlags.InvocationCount" name="a" time="0.001"/>
  <system-out>
    <![CDATA[login]]>
  </system-out>
  <testcase classname="TestFlags.InvocationCount" name="a" time="0.001"/>
  <system-out>
    <![CDATA[login]]>
  </system-out>
  <testcase classname="TestFlags.InvocationCount" name="a" time="0.001"/>
  <system-out>
    <![CDATA[login]]>
  </system-out>
  <testcase classname="TestFlags.InvocationCount" name="a" time="0.005"/>
  <system-out>
    <![CDATA[login]]>
  </system-out>
  <testcase classname="TestFlags.InvocationCount" name="a" time="0.001"/>
  <system-out>
    <![CDATA[login]]>
  </system-out>
  <testcase classname="TestFlags.InvocationCount" name="a" time="0.005"/>
  <system-out>
    <![CDATA[login]]>
  </system-out>
  <testcase classname="TestFlags.InvocationCount" name="a" time="0.000"/>
  <system-out>
    <![CDATA[login]]>
  </system-out>
  <testcase classname="TestFlags.InvocationCount" name="a" time="0.001"/>
  <system-out>
    <![CDATA[login]]>
  </system-out>
  <testcase classname="TestFlags.InvocationCount" name="a" time="0.001"/>
  <system-out>
    <![CDATA[login]]>
  </system-out>
  <testcase classname="TestFlags.InvocationCount" name="a" time="0.001"/>
  <system-out>
    <![CDATA[login]]>
  </system-out>
  <testcase classname="TestFlags.InvocationCount" name="a" time="0.001"/>
  <system-out>
    <![CDATA[login]]>
  </system-out>
  <testcase classname="TestFlags.InvocationCount" name="a" time="0.000"/>
  <system-out>
    <![CDATA[login]]>
  </system-out>
  <testcase classname="TestFlags.InvocationCount" name="a" time="0.002"/>
  <system-out>
    <![CDATA[login]]>
  </system-out>
  <testcase classname="TestFlags.InvocationCount" name="a" time="0.001"/>
  <system-out>
    <![CDATA[login]]>
  </system-out>
  <testcase classname="TestFlags.InvocationCount" name="a" time="0.004"/>
  <system-out>
    <![CDATA[login]]>
  </system-out>
  <testcase classname="TestFlags.InvocationCount" name="a" time="0.001"/>
  <system-out>
    <![CDATA[login]]>
  </system-out>
  <testcase classname="TestFlags.InvocationCount" name="a" time="0.001"/>
  <system-out>
    <![CDATA[login]]>
  </system-out>
  <testcase classname="TestFlags.InvocationCount" name="a" time="0.001"/>
  <system-out>
    <![CDATA[login]]>
  </system-out>
  <testcase classname="TestFlags.InvocationCount" name="a" time="0.005"/>
  <system-out>
    <![CDATA[login]]>
  </system-out>
  <testcase classname="TestFlags.InvocationCount" name="a" time="0.001"/>
  <system-out>
    <![CDATA[login]]>
  </system-out>
  <testcase classname="TestFlags.InvocationCount" name="a" time="0.001"/>
  <system-out>
    <![CDATA[login]]>
  </system-out>
  <testcase classname="TestFlags.InvocationCount" name="a" time="0.000"/>
  <system-out>
    <![CDATA[login]]>
  </system-out>
  <testcase classname="TestFlags.InvocationCount" name="a" time="0.001"/>
  <system-out>
    <![CDATA[login]]>
  </system-out>
  <testcase classname="TestFlags.InvocationCount" name="a" time="0.016"/>
  <system-out>
    <![CDATA[login]]>
  </system-out>
  <testcase classname="TestFlags.InvocationCount" name="a" time="0.000"/>
  <system-out>
    <![CDATA[login]]>
  </system-out>
  <testcase classname="TestFlags.InvocationCount" name="a" time="0.001"/>
  <system-out>
    <![CDATA[login]]>
  </system-out>
  <testcase classname="TestFlags.InvocationCount" name="a" time="0.001"/>
  <system-out>
    <![CDATA[login]]>
  </system-out>
  <testcase classname="TestFlags.InvocationCount" name="a" time="0.001"/>
  <system-out>
    <![CDATA[login]]>
  </system-out>
  <testcase classname="TestFlags.InvocationCount" name="a" time="0.002"/>
  <system-out>
    <![CDATA[login]]>
  </system-out>
  <testcase classname="TestFlags.InvocationCount" name="a" time="0.000"/>
  <system-out>
    <![CDATA[login]]>
  </system-out>
  <testcase classname="TestFlags.InvocationCount" name="a" time="0.001"/>
  <system-out>
    <![CDATA[login]]>
  </system-out>
  <testcase classname="TestFlags.InvocationCount" name="a" time="0.001"/>
  <system-out>
    <![CDATA[login]]>
  </system-out>
  <testcase classname="TestFlags.InvocationCount" name="a" time="0.000"/>
  <system-out>
    <![CDATA[login]]>
  </system-out>
  <testcase classname="TestFlags.InvocationCount" name="a" time="0.000"/>
  <system-out>
    <![CDATA[login]]>
  </system-out>
  <testcase classname="TestFlags.InvocationCount" name="a" time="0.003"/>
  <system-out>
    <![CDATA[login]]>
  </system-out>
  <testcase classname="TestFlags.InvocationCount" name="a" time="0.001"/>
  <system-out>
    <![CDATA[login]]>
  </system-out>
  <testcase classname="TestFlags.InvocationCount" name="a" time="0.000"/>
  <system-out>
    <![CDATA[login]]>
  </system-out>
  <testcase classname="TestFlags.InvocationCount" name="a" time="0.001"/>
  <system-out>
    <![CDATA[login]]>
  </system-out>
  <testcase classname="TestFlags.InvocationCount" name="a" time="0.000"/>
  <system-out>
    <![CDATA[login]]>
  </system-out>
  <testcase classname="TestFlags.InvocationCount" name="a" time="0.001"/>
  <system-out>
    <![CDATA[login]]>
  </system-out>
  <testcase classname="TestFlags.InvocationCount" name="a" time="0.000"/>
  <system-out>
    <![CDATA[login]]>
  </system-out>
  <testcase classname="TestFlags.InvocationCount" name="a" time="0.001"/>
  <system-out>
    <![CDATA[login]]>
  </system-out>
  <testcase classname="TestFlags.InvocationCount" name="a" time="0.000"/>
  <system-out>
    <![CDATA[login]]>
  </system-out>
  <testcase classname="TestFlags.InvocationCount" name="a" time="0.001"/>
  <system-out>
    <![CDATA[login]]>
  </system-out>
  <testcase classname="TestFlags.InvocationCount" name="a" time="0.001"/>
  <system-out>
    <![CDATA[login]]>
  </system-out>
  <testcase classname="TestFlags.InvocationCount" name="a" time="0.001"/>
  <system-out>
    <![CDATA[login]]>
  </system-out>
  <testcase classname="TestFlags.InvocationCount" name="a" time="0.035"/>
  <system-out>
    <![CDATA[login]]>
  </system-out>
  <testcase classname="TestFlags.InvocationCount" name="a" time="0.001"/>
  <system-out>
    <![CDATA[login]]>
  </system-out>
  <testcase classname="TestFlags.InvocationCount" name="a" time="0.001"/>
  <system-out>
    <![CDATA[login]]>
  </system-out>
  <testcase classname="TestFlags.InvocationCount" name="a" time="0.000"/>
  <system-out>
    <![CDATA[login]]>
  </system-out>
  <testcase classname="TestFlags.InvocationCount" name="a" time="0.000"/>
  <system-out>
    <![CDATA[login]]>
  </system-out>
  <testcase classname="TestFlags.InvocationCount" name="a" time="0.001"/>
  <system-out>
    <![CDATA[login]]>
  </system-out>
  <testcase classname="TestFlags.InvocationCount" name="a" time="0.001"/>
  <system-out>
    <![CDATA[login]]>
  </system-out>
  <testcase classname="TestFlags.InvocationCount" name="a" time="0.001"/>
  <system-out>
    <![CDATA[login]]>
  </system-out>
  <testcase classname="TestFlags.InvocationCount" name="a" time="0.000"/>
  <system-out>
    <![CDATA[login]]>
  </system-out>
  <testcase classname="TestFlags.InvocationCount" name="a" time="0.000"/>
  <system-out>
    <![CDATA[login]]>
  </system-out>
  <testcase classname="TestFlags.InvocationCount" name="a" time="0.001"/>
  <system-out>
    <![CDATA[login]]>
  </system-out>
  <testcase classname="TestFlags.InvocationCount" name="a" time="0.001"/>
  <system-out>
    <![CDATA[login]]>
  </system-out>
  <testcase classname="TestFlags.InvocationCount" name="a" time="0.001"/>
  <system-out>
    <![CDATA[login]]>
  </system-out>
  <testcase classname="TestFlags.InvocationCount" name="a" time="0.001"/>
  <system-out>
    <![CDATA[login]]>
  </system-out>
  <testcase classname="TestFlags.InvocationCount" name="a" time="0.000"/>
  <system-out>
    <![CDATA[login]]>
  </system-out>
  <testcase classname="TestFlags.InvocationCount" name="a" time="0.001"/>
  <system-out>
    <![CDATA[login]]>
  </system-out>
  <testcase classname="TestFlags.InvocationCount" name="a" time="0.002"/>
  <system-out>
    <![CDATA[login]]>
  </system-out>
  <testcase classname="TestFlags.InvocationCount" name="a" time="0.001"/>
  <system-out>
    <![CDATA[login]]>
  </system-out>
  <testcase classname="TestFlags.InvocationCount" name="a" time="0.001"/>
  <system-out>
    <![CDATA[login]]>
  </system-out>
  <testcase classname="TestFlags.InvocationCount" name="a" time="0.001"/>
  <system-out>
    <![CDATA[login]]>
  </system-out>
  <testcase classname="TestFlags.InvocationCount" name="a" time="0.001"/>
  <system-out>
    <![CDATA[login]]>
  </system-out>
  <testcase classname="TestFlags.InvocationCount" name="a" time="0.001"/>
  <system-out>
    <![CDATA[login]]>
  </system-out>
  <testcase classname="TestFlags.InvocationCount" name="a" time="0.001"/>
  <system-out>
    <![CDATA[login]]>
  </system-out>
  <testcase classname="TestFlags.InvocationCount" name="a" time="0.001"/>
  <system-out>
    <![CDATA[login]]>
  </system-out>
  <testcase classname="TestFlags.InvocationCount" name="a" time="0.001"/>
  <system-out>
    <![CDATA[login]]>
  </system-out>
  <testcase classname="TestFlags.InvocationCount" name="a" time="0.001"/>
  <system-out>
    <![CDATA[login]]>
  </system-out>
  <testcase classname="TestFlags.InvocationCount" name="a" time="0.000"/>
  <system-out>
    <![CDATA[login]]>
  </system-out>
  <testcase classname="TestFlags.InvocationCount" name="a" time="0.002"/>
  <system-out>
    <![CDATA[login]]>
  </system-out>
  <testcase classname="TestFlags.InvocationCount" name="a" time="0.001"/>
  <system-out>
    <![CDATA[login]]>
  </system-out>
  <testcase classname="TestFlags.InvocationCount" name="a" time="0.004"/>
  <system-out>
    <![CDATA[login]]>
  </system-out>
  <testcase classname="TestFlags.InvocationCount" name="a" time="0.001"/>
  <system-out>
    <![CDATA[login]]>
  </system-out>
  <testcase classname="TestFlags.InvocationCount" name="a" time="0.000"/>
  <system-out>
    <![CDATA[login]]>
  </system-out>
  <testcase classname="TestFlags.InvocationCount" name="a" time="0.001"/>
  <system-out>
    <![CDATA[login]]>
  </system-out>
  <testcase classname="TestFlags.InvocationCount" name="a" time="0.001"/>
  <system-out>
    <![CDATA[login]]>
  </system-out>
  <testcase classname="TestFlags.InvocationCount" name="a" time="0.001"/>
  <system-out>
    <![CDATA[login]]>
  </system-out>
  <testcase classname="TestFlags.InvocationCount" name="a" time="0.001"/>
  <system-out>
    <![CDATA[login]]>
  </system-out>
  <testcase classname="TestFlags.InvocationCount" name="a" time="0.000"/>
  <system-out>
    <![CDATA[login]]>
  </system-out>
  <testcase classname="TestFlags.InvocationCount" name="a" time="0.001"/>
  <system-out>
    <![CDATA[login]]>
  </system-out>
  <testcase classname="TestFlags.InvocationCount" name="a" time="0.001"/>
  <system-out>
    <![CDATA[login]]>
  </system-out>
  <testcase classname="TestFlags.InvocationCount" name="a" time="0.001"/>
  <system-out>
    <![CDATA[login]]>
  </system-out>
  <testcase classname="TestFlags.InvocationCount" name="a" time="0.000"/>
  <system-out>
    <![CDATA[login]]>
  </system-out>
  <testcase classname="TestFlags.InvocationCount" name="a" time="0.001"/>
  <system-out>
    <![CDATA[login]]>
  </system-out>
  <testcase classname="TestFlags.InvocationCount" name="a" time="0.000"/>
  <system-out>
    <![CDATA[login]]>
  </system-out>
  <testcase classname="TestFlags.InvocationCount" name="a" time="0.000"/>
  <system-out>
    <![CDATA[login]]>
  </system-out>
  <testcase classname="TestFlags.InvocationCount" name="a" time="0.002"/>
  <system-out>
    <![CDATA[login]]>
  </system-out>
  <testcase classname="TestFlags.InvocationCount" name="a" time="0.001"/>
  <system-out>
    <![CDATA[login]]>
  </system-out>
  <testcase classname="TestFlags.InvocationCount" name="a" time="0.001"/>
  <system-out>
    <![CDATA[login]]>
  </system-out>
  <testcase classname="TestFlags.InvocationCount" name="a" time="0.001"/>
  <system-out>
    <![CDATA[login]]>
  </system-out>
  <testcase classname="TestFlags.InvocationCount" name="a" time="0.001"/>
  <system-out>
    <![CDATA[login]]>
  </system-out>
  <testcase classname="TestFlags.InvocationCount" name="a" time="0.000"/>
  <system-out>
    <![CDATA[login]]>
  </system-out>
  <testcase classname="TestFlags.InvocationCount" name="a" time="0.001"/>
  <system-out>
    <![CDATA[login]]>
  </system-out>
  <testcase classname="TestFlags.InvocationCount" name="a" time="0.000"/>
  <system-out>
    <![CDATA[login]]>
  </system-out>
  <testcase classname="TestFlags.InvocationCount" name="a" time="0.000"/>
  <system-out>
    <![CDATA[login]]>
  </system-out>
  <testcase classname="TestFlags.InvocationCount" name="a" time="0.001"/>
  <system-out>
    <![CDATA[login]]>
  </system-out>
  <testcase classname="TestFlags.InvocationCount" name="a" time="0.002"/>
  <system-out>
    <![CDATA[login]]>
  </system-out>
  <testcase classname="TestFlags.InvocationCount" name="a" time="0.001"/>
  <system-out>
    <![CDATA[login]]>
  </system-out>
  <testcase classname="TestFlags.InvocationCount" name="a" time="0.001"/>
  <system-out>
    <![CDATA[login]]>
  </system-out>
  <testcase classname="TestFlags.InvocationCount" name="a" time="0.001"/>
  <system-out>
    <![CDATA[login]]>
  </system-out>
  <testcase classname="TestFlags.InvocationCount" name="a" time="0.001"/>
  <system-out>
    <![CDATA[login]]>
  </system-out>
  <testcase classname="TestFlags.InvocationCount" name="a" time="0.000"/>
  <system-out>
    <![CDATA[login]]>
  </system-out>
  <testcase classname="TestFlags.InvocationCount" name="a" time="0.001"/>
  <system-out>
    <![CDATA[login]]>
  </system-out>
  <testcase classname="TestFlags.InvocationCount" name="a" time="0.000"/>
  <system-out>
    <![CDATA[login]]>
  </system-out>
  <testcase classname="TestFlags.InvocationCount" name="a" time="0.003"/>
  <system-out>
    <![CDATA[login]]>
  </system-out>
  <testcase classname="TestFlags.InvocationCount" name="a" time="0.000"/>
  <system-out>
    <![CDATA[login]]>
  </system-out>
  <testcase classname="TestFlags.InvocationCount" name="a" time="0.000"/>
  <system-out>
    <![CDATA[login]]>
  </system-out>
  <testcase classname="TestFlags.InvocationCount" name="a" time="0.001"/>
  <system-out>
    <![CDATA[login]]>
  </system-out>
  <testcase classname="TestFlags.InvocationCount" name="a" time="0.001"/>
  <system-out>
    <![CDATA[login]]>
  </system-out>
  <testcase classname="TestFlags.InvocationCount" name="a" time="0.001"/>
  <system-out>
    <![CDATA[login]]>
  </system-out>
  <testcase classname="TestFlags.InvocationCount" name="a" time="0.000"/>
  <system-out>
    <![CDATA[login]]>
  </system-out>
  <testcase classname="TestFlags.InvocationCount" name="a" time="0.001"/>
  <system-out>
    <![CDATA[login]]>
  </system-out>
  <testcase classname="TestFlags.InvocationCount" name="a" time="0.003"/>
  <system-out>
    <![CDATA[login]]>
  </system-out>
  <testcase classname="TestFlags.InvocationCount" name="a" time="0.001"/>
  <system-out>
    <![CDATA[login]]>
  </system-out>
  <testcase classname="TestFlags.InvocationCount" name="a" time="0.000"/>
  <system-out>
    <![CDATA[login]]>
  </system-out>
  <testcase classname="TestFlags.InvocationCount" name="a" time="0.001"/>
  <system-out>
    <![CDATA[login]]>
  </system-out>
  <testcase classname="TestFlags.InvocationCount" name="a" time="0.001"/>
  <system-out>
    <![CDATA[login]]>
  </system-out>
  <testcase classname="TestFlags.InvocationCount" name="a" time="0.002"/>
  <system-out>
    <![CDATA[login]]>
  </system-out>
  <testcase classname="TestFlags.InvocationCount" name="a" time="0.000"/>
  <system-out>
    <![CDATA[login]]>
  </system-out>
  <testcase classname="TestFlags.InvocationCount" name="a" time="0.001"/>
  <system-out>
    <![CDATA[login]]>
  </system-out>
  <testcase classname="TestFlags.InvocationCount" name="a" time="0.001"/>
  <system-out>
    <![CDATA[login]]>
  </system-out>
  <testcase classname="TestFlags.InvocationCount" name="a" time="0.001"/>
  <system-out>
    <![CDATA[login]]>
  </system-out>
  <testcase classname="TestFlags.InvocationCount" name="a" time="0.002"/>
  <system-out>
    <![CDATA[login]]>
  </system-out>
  <testcase classname="TestFlags.InvocationCount" name="a" time="0.001"/>
  <system-out>
    <![CDATA[login]]>
  </system-out>
  <testcase classname="TestFlags.InvocationCount" name="a" time="0.000"/>
  <system-out>
    <![CDATA[login]]>
  </system-out>
  <testcase classname="TestFlags.InvocationCount" name="a" time="0.000"/>
  <system-out>
    <![CDATA[login]]>
  </system-out>
  <testcase classname="TestFlags.InvocationCount" name="a" time="0.000"/>
  <system-out>
    <![CDATA[login]]>
  </system-out>
  <testcase classname="TestFlags.InvocationCount" name="a" time="0.001"/>
  <system-out>
    <![CDATA[login]]>
  </system-out>
  <testcase classname="TestFlags.InvocationCount" name="a" time="0.000"/>
  <system-out>
    <![CDATA[login]]>
  </system-out>
  <testcase classname="TestFlags.InvocationCount" name="a" time="0.001"/>
  <system-out>
    <![CDATA[login]]>
  </system-out>
  <testcase classname="TestFlags.InvocationCount" name="a" time="0.001"/>
  <system-out>
    <![CDATA[login]]>
  </system-out>
  <testcase classname="TestFlags.InvocationCount" name="a" time="0.001"/>
  <system-out>
    <![CDATA[login]]>
  </system-out>
  <testcase classname="TestFlags.InvocationCount" name="a" time="0.000"/>
  <system-out>
    <![CDATA[login]]>
  </system-out>
  <testcase classname="TestFlags.InvocationCount" name="a" time="0.001"/>
  <system-out>
    <![CDATA[login]]>
  </system-out>
  <testcase classname="TestFlags.InvocationCount" name="a" time="0.001"/>
  <system-out>
    <![CDATA[login]]>
  </system-out>
  <testcase classname="TestFlags.InvocationCount" name="a" time="0.003"/>
  <system-out>
    <![CDATA[login]]>
  </system-out>
  <testcase classname="TestFlags.InvocationCount" name="a" time="0.001"/>
  <system-out>
    <![CDATA[login]]>
  </system-out>
  <testcase classname="TestFlags.InvocationCount" name="a" time="0.001"/>
  <system-out>
    <![CDATA[login]]>
  </system-out>
  <testcase classname="TestFlags.InvocationCount" name="a" time="0.001"/>
  <system-out>
    <![CDATA[login]]>
  </system-out>
  <testcase classname="TestFlags.InvocationCount" name="a" time="0.001"/>
  <system-out>
    <![CDATA[login]]>
  </system-out>
  <testcase classname="TestFlags.InvocationCount" name="a" time="0.002"/>
  <system-out>
    <![CDATA[login]]>
  </system-out>
  <testcase classname="TestFlags.InvocationCount" name="a" time="0.000"/>
  <system-out>
    <![CDATA[login]]>
  </system-out>
  <testcase classname="TestFlags.InvocationCount" name="a" time="0.001"/>
  <system-out>
    <![CDATA[login]]>
  </system-out>
  <testcase classname="TestFlags.InvocationCount" name="a" time="0.005"/>
  <system-out>
    <![CDATA[login]]>
  </system-out>
  <testcase classname="TestFlags.InvocationCount" name="a" time="0.000"/>
  <system-out>
    <![CDATA[login]]>
  </system-out>
  <testcase classname="TestFlags.InvocationCount" name="a" time="0.000"/>
  <system-out>
    <![CDATA[login]]>
  </system-out>
  <testcase classname="TestFlags.InvocationCount" name="a" time="0.000"/>
  <system-out>
    <![CDATA[login]]>
  </system-out>
  <testcase classname="TestFlags.InvocationCount" name="a" time="0.001"/>
  <system-out>
    <![CDATA[login]]>
  </system-out>
  <testcase classname="TestFlags.InvocationCount" name="a" time="0.001"/>
  <system-out>
    <![CDATA[login]]>
  </system-out>
  <testcase classname="TestFlags.InvocationCount" name="a" time="0.001"/>
  <system-out>
    <![CDATA[login]]>
  </system-out>
  <testcase classname="TestFlags.InvocationCount" name="a" time="0.001"/>
  <system-out>
    <![CDATA[login]]>
  </system-out>
  <testcase classname="TestFlags.InvocationCount" name="a" time="0.001"/>
  <system-out>
    <![CDATA[login]]>
  </system-out>
  <testcase classname="TestFlags.InvocationCount" name="a" time="0.000"/>
  <system-out>
    <![CDATA[login]]>
  </system-out>
  <testcase classname="TestFlags.InvocationCount" name="a" time="0.000"/>
  <system-out>
    <![CDATA[login]]>
  </system-out>
  <testcase classname="TestFlags.InvocationCount" name="a" time="0.001"/>
  <system-out>
    <![CDATA[login]]>
  </system-out>
  <testcase classname="TestFlags.InvocationCount" name="a" time="0.004"/>
  <system-out>
    <![CDATA[login]]>
  </system-out>
  <testcase classname="TestFlags.InvocationCount" name="a" time="0.000"/>
  <system-out>
    <![CDATA[login]]>
  </system-out>
  <testcase classname="TestFlags.InvocationCount" name="a" time="0.000"/>
  <system-out>
    <![CDATA[login]]>
  </system-out>
  <testcase classname="TestFlags.InvocationCount" name="a" time="0.001"/>
  <system-out>
    <![CDATA[login]]>
  </system-out>
  <testcase classname="TestFlags.InvocationCount" name="a" time="0.001"/>
  <system-out>
    <![CDATA[login]]>
  </system-out>
  <testcase classname="TestFlags.InvocationCount" name="a" time="0.000"/>
  <system-out>
    <![CDATA[login]]>
  </system-out>
  <testcase classname="TestFlags.InvocationCount" name="a" time="0.001"/>
  <system-out>
    <![CDATA[login]]>
  </system-out>
  <testcase classname="TestFlags.InvocationCount" name="a" time="0.000"/>
  <system-out>
    <![CDATA[login]]>
  </system-out>
  <testcase classname="TestFlags.InvocationCount" name="a" time="0.002"/>
  <system-out>
    <![CDATA[login]]>
  </system-out>
  <testcase classname="TestFlags.InvocationCount" name="a" time="0.005"/>
  <system-out>
    <![CDATA[login]]>
  </system-out>
  <testcase classname="TestFlags.InvocationCount" name="a" time="0.002"/>
  <system-out>
    <![CDATA[login]]>
  </system-out>
  <testcase classname="TestFlags.InvocationCount" name="a" time="0.001"/>
  <system-out>
    <![CDATA[login]]>
  </system-out>
  <testcase classname="TestFlags.InvocationCount" name="a" time="0.055"/>
  <system-out>
    <![CDATA[login]]>
  </system-out>
  <testcase classname="TestFlags.InvocationCount" name="a" time="0.002"/>
  <system-out>
    <![CDATA[login]]>
  </system-out>
  <testcase classname="TestFlags.InvocationCount" name="a" time="0.001"/>
  <system-out>
    <![CDATA[login]]>
  </system-out>
  <testcase classname="TestFlags.InvocationCount" name="a" time="0.000"/>
  <system-out>
    <![CDATA[login]]>
  </system-out>
  <testcase classname="TestFlags.InvocationCount" name="a" time="0.002"/>
  <system-out>
    <![CDATA[login]]>
  </system-out>
  <testcase classname="TestFlags.InvocationCount" name="a" time="0.003"/>
  <system-out>
    <![CDATA[login]]>
  </system-out>
  <testcase classname="TestFlags.InvocationCount" name="a" time="0.000"/>
  <system-out>
    <![CDATA[login]]>
  </system-out>
  <testcase classname="TestFlags.InvocationCount" name="a" time="0.000"/>
  <system-out>
    <![CDATA[login]]>
  </system-out>
  <testcase classname="TestFlags.InvocationCount" name="a" time="0.002"/>
  <system-out>
    <![CDATA[login]]>
  </system-out>
  <testcase classname="TestFlags.InvocationCount" name="a" time="0.001"/>
  <system-out>
    <![CDATA[login]]>
  </system-out>
  <testcase classname="TestFlags.InvocationCount" name="a" time="0.001"/>
  <system-out>
    <![CDATA[login]]>
  </system-out>
  <testcase classname="TestFlags.InvocationCount" name="a" time="0.001"/>
  <system-out>
    <![CDATA[login]]>
  </system-out>
  <testcase classname="TestFlags.InvocationCount" name="a" time="0.002"/>
  <system-out>
    <![CDATA[login]]>
  </system-out>
  <testcase classname="TestFlags.InvocationCount" name="a" time="0.001"/>
  <system-out>
    <![CDATA[login]]>
  </system-out>
  <testcase classname="TestFlags.InvocationCount" name="a" time="0.004"/>
  <system-out>
    <![CDATA[login]]>
  </system-out>
  <testcase classname="TestFlags.InvocationCount" name="a" time="0.000"/>
  <system-out>
    <![CDATA[login]]>
  </system-out>
  <testcase classname="TestFlags.InvocationCount" name="a" time="0.000"/>
  <system-out>
    <![CDATA[login]]>
  </system-out>
  <testcase classname="TestFlags.InvocationCount" name="a" time="0.000"/>
  <system-out>
    <![CDATA[login]]>
  </system-out>
  <testcase classname="TestFlags.InvocationCount" name="a" time="0.001"/>
  <system-out>
    <![CDATA[login]]>
  </system-out>
  <testcase classname="TestFlags.InvocationCount" name="a" time="0.001"/>
  <system-out>
    <![CDATA[login]]>
  </system-out>
  <testcase classname="TestFlags.InvocationCount" name="a" time="0.000"/>
  <system-out>
    <![CDATA[login]]>
  </system-out>
  <testcase classname="TestFlags.InvocationCount" name="a" time="0.001"/>
  <system-out>
    <![CDATA[login]]>
  </system-out>
  <testcase classname="TestFlags.InvocationCount" name="a" time="0.001"/>
  <system-out>
    <![CDATA[login]]>
  </system-out>
  <testcase classname="TestFlags.InvocationCount" name="a" time="0.001"/>
  <system-out>
    <![CDATA[login]]>
  </system-out>
  <testcase classname="TestFlags.InvocationCount" name="a" time="0.001"/>
  <system-out>
    <![CDATA[login]]>
  </system-out>
  <testcase classname="TestFlags.InvocationCount" name="a" time="0.007"/>
  <system-out>
    <![CDATA[login]]>
  </system-out>
  <testcase classname="TestFlags.InvocationCount" name="a" time="0.001"/>
  <system-out>
    <![CDATA[login]]>
  </system-out>
  <testcase classname="TestFlags.InvocationCount" name="a" time="0.014"/>
  <system-out>
    <![CDATA[login]]>
  </system-out>
  <testcase classname="TestFlags.InvocationCount" name="a" time="0.001"/>
  <system-out>
    <![CDATA[login]]>
  </system-out>
  <testcase classname="TestFlags.InvocationCount" name="a" time="0.000"/>
  <system-out>
    <![CDATA[login]]>
  </system-out>
  <testcase classname="TestFlags.InvocationCount" name="a" time="0.000"/>
  <system-out>
    <![CDATA[login]]>
  </system-out>
  <testcase classname="TestFlags.InvocationCount" name="a" time="0.002"/>
  <system-out>
    <![CDATA[login]]>
  </system-out>
  <testcase classname="TestFlags.InvocationCount" name="a" time="0.001"/>
  <system-out>
    <![CDATA[login]]>
  </system-out>
  <testcase classname="TestFlags.InvocationCount" name="a" time="0.000"/>
  <system-out>
    <![CDATA[login]]>
  </system-out>
  <testcase classname="TestFlags.InvocationCount" name="a" time="0.001"/>
  <system-out>
    <![CDATA[login]]>
  </system-out>
  <testcase classname="TestFlags.InvocationCount" name="a" time="0.001"/>
  <system-out>
    <![CDATA[login]]>
  </system-out>
  <testcase classname="TestFlags.InvocationCount" name="a" time="0.001"/>
  <system-out>
    <![CDATA[login]]>
  </system-out>
  <testcase classname="TestFlags.InvocationCount" name="a" time="0.001"/>
  <system-out>
    <![CDATA[login]]>
  </system-out>
  <testcase classname="TestFlags.InvocationCount" name="a" time="0.000"/>
  <system-out>
[...]
  <testcase classname="TestFlags.InvocationCount" name="a" time="0.002"/>
  <system-out>
    <![CDATA[login]]>
  </system-out>
  <testcase classname="TestFlags.InvocationCount" name="a" time="0.001"/>
  <system-out>
    <![CDATA[login]]>
  </system-out>
  <testcase classname="TestFlags.InvocationCount" name="a" time="0.002"/>
  <system-out>
    <![CDATA[login]]>
  </system-out>
  <testcase classname="TestFlags.InvocationCount" name="a" time="0.001"/>
  <system-out>
    <![CDATA[login]]>
  </system-out>
  <testcase classname="TestFlags.InvocationCount" name="a" time="0.001"/>
  <system-out>
    <![CDATA[login]]>
  </system-out>
  <testcase classname="TestFlags.InvocationCount" name="a" time="0.001"/>
  <system-out>
    <![CDATA[login]]>
  </system-out>
  <testcase classname="TestFlags.InvocationCount" name="a" time="0.001"/>
  <system-out>
    <![CDATA[login]]>
  </system-out>
  <testcase classname="TestFlags.InvocationCount" name="a" time="0.001"/>
  <system-out>
    <![CDATA[login]]>
  </system-out>
  <testcase classname="TestFlags.InvocationCount" name="a" time="0.001"/>
  <system-out>
    <![CDATA[login]]>
  </system-out>
  <testcase classname="TestFlags.InvocationCount" name="a" time="0.001"/>
  <system-out>
    <![CDATA[login]]>
  </system-out>
  <testcase classname="TestFlags.InvocationCount" name="a" time="0.000"/>
  <system-out>
    <![CDATA[login]]>
  </system-out>
  <testcase classname="TestFlags.InvocationCount" name="a" time="0.001"/>
  <system-out>
    <![CDATA[login]]>
  </system-out>
  <testcase classname="TestFlags.InvocationCount" name="a" time="0.001"/>
  <system-out>
    <![CDATA[login]]>
  </system-out>
  <testcase classname="TestFlags.InvocationCount" name="a" time="0.003"/>
  <system-out>
    <![CDATA[login]]>
  </system-out>
  <testcase classname="TestFlags.InvocationCount" name="a" time="0.001"/>
  <system-out>
    <![CDATA[login]]>
  </system-out>
  <testcase classname="TestFlags.InvocationCount" name="a" time="0.001"/>
  <system-out>
    <![CDATA[login]]>
  </system-out>
  <testcase classname="TestFlags.InvocationCount" name="a" time="0.002"/>
  <system-out>
    <![CDATA[login]]>
  </system-out>
  <testcase classname="TestFlags.InvocationCount" name="a" time="0.000"/>
  <system-out>
    <![CDATA[login]]>
  </system-out>
  <testcase classname="TestFlags.InvocationCount" name="a" time="0.001"/>
  <system-out>
    <![CDATA[login]]>
  </system-out>
  <testcase classname="TestFlags.InvocationCount" name="a" time="0.001"/>
  <system-out>
    <![CDATA[login]]>
  </system-out>
  <testcase classname="TestFlags.InvocationCount" name="a" time="0.001"/>
  <system-out>
    <![CDATA[login]]>
  </system-out>
  <testcase classname="TestFlags.InvocationCount" name="a" time="0.001"/>
  <system-out>
    <![CDATA[login]]>
  </system-out>
  <testcase classname="TestFlags.InvocationCount" name="a" time="0.001"/>
  <system-out>
    <![CDATA[login]]>
  </system-out>
  <testcase classname="TestFlags.InvocationCount" name="a" time="0.002"/>
  <system-out>
    <![CDATA[login]]>
  </system-out>
  <testcase classname="TestFlags.InvocationCount" name="a" time="0.000"/>
  <system-out>
    <![CDATA[login]]>
  </system-out>
  <testcase classname="TestFlags.InvocationCount" name="a" time="0.001"/>
  <system-out>
    <![CDATA[login]]>
  </system-out>
  <testcase classname="TestFlags.InvocationCount" name="a" time="0.000"/>
  <system-out>
    <![CDATA[login]]>
  </system-out>
  <testcase classname="TestFlags.InvocationCount" name="a" time="0.001"/>
  <system-out>
    <![CDATA[login]]>
  </system-out>
  <testcase classname="TestFlags.InvocationCount" name="a" time="0.001"/>
  <system-out>
    <![CDATA[login]]>
  </system-out>
  <testcase classname="TestFlags.InvocationCount" name="a" time="0.002"/>
  <system-out>
    <![CDATA[login]]>
  </system-out>
  <testcase classname="TestFlags.InvocationCount" name="a" time="0.001"/>
  <system-out>
    <![CDATA[login]]>
  </system-out>
  <testcase classname="TestFlags.InvocationCount" name="a" time="0.000"/>
  <system-out>
    <![CDATA[login]]>
  </system-out>
  <testcase classname="TestFlags.InvocationCount" name="a" time="0.000"/>
  <system-out>
    <![CDATA[login]]>
  </system-out>
  <testcase classname="TestFlags.InvocationCount" name="a" time="0.000"/>
  <system-out>
    <![CDATA[login]]>
  </system-out>
  <testcase classname="TestFlags.InvocationCount" name="a" time="0.001"/>
  <system-out>
    <![CDATA[login]]>
  </system-out>
  <testcase classname="TestFlags.InvocationCount" name="a" time="0.001"/>
  <system-out>
    <![CDATA[login]]>
  </system-out>
  <testcase classname="TestFlags.InvocationCount" name="a" time="0.001"/>
  <system-out>
    <![CDATA[login]]>
  </system-out>
  <testcase classname="TestFlags.InvocationCount" name="a" time="0.001"/>
  <system-out>
    <![CDATA[login]]>
  </system-out>
  <testcase classname="TestFlags.InvocationCount" name="a" time="0.001"/>
  <system-out>
    <![CDATA[login]]>
  </system-out>
  <testcase classname="TestFlags.InvocationCount" name="a" time="0.025"/>
  <system-out>
    <![CDATA[login]]>
  </system-out>
  <testcase classname="TestFlags.InvocationCount" name="a" time="0.004"/>
  <system-out>
    <![CDATA[login]]>
  </system-out>
  <testcase classname="TestFlags.InvocationCount" name="a" time="0.001"/>
  <system-out>
    <![CDATA[login]]>
  </system-out>
  <testcase classname="TestFlags.InvocationCount" name="a" time="0.003"/>
  <system-out>
    <![CDATA[login]]>
  </system-out>
  <testcase classname="TestFlags.InvocationCount" name="a" time="0.001"/>
  <system-out>
    <![CDATA[login]]>
  </system-out>
  <testcase classname="TestFlags.InvocationCount" name="a" time="0.002"/>
  <system-out>
    <![CDATA[login]]>
  </system-out>
  <testcase classname="TestFlags.InvocationCount" name="a" time="0.000"/>
  <system-out>
    <![CDATA[login]]>
  </system-out>
  <testcase classname="TestFlags.InvocationCount" name="a" time="0.000"/>
  <system-out>
    <![CDATA[login]]>
  </system-out>
  <testcase classname="TestFlags.InvocationCount" name="a" time="0.002"/>
  <system-out>
    <![CDATA[login]]>
  </system-out>
  <testcase classname="TestFlags.InvocationCount" name="a" time="0.000"/>
  <system-out>
    <![CDATA[login]]>
  </system-out>
  <testcase classname="TestFlags.InvocationCount" name="a" time="0.000"/>
  <system-out>
    <![CDATA[login]]>
  </system-out>
  <testcase classname="TestFlags.InvocationCount" name="a" time="0.001"/>
  <system-out>
    <![CDATA[login]]>
  </system-out>
  <testcase classname="TestFlags.InvocationCount" name="a" time="0.000"/>
  <system-out>
    <![CDATA[login]]>
  </system-out>
  <testcase classname="TestFlags.InvocationCount" name="a" time="0.001"/>
  <system-out>
    <![CDATA[login]]>
  </system-out>
  <testcase classname="TestFlags.InvocationCount" name="a" time="0.000"/>
  <system-out>
    <![CDATA[login]]>
  </system-out>
  <testcase classname="TestFlags.InvocationCount" name="a" time="0.002"/>
  <system-out>
    <![CDATA[login]]>
  </system-out>
  <testcase classname="TestFlags.InvocationCount" name="a" time="0.001"/>
  <system-out>
    <![CDATA[login]]>
  </system-out>
  <testcase classname="TestFlags.InvocationCount" name="a" time="0.024"/>
  <system-out>
    <![CDATA[login]]>
  </system-out>
  <testcase classname="TestFlags.InvocationCount" name="a" time="0.000"/>
  <system-out>
    <![CDATA[login]]>
  </system-out>
  <testcase classname="TestFlags.InvocationCount" name="a" time="0.000"/>
  <system-out>
    <![CDATA[login]]>
  </system-out>
  <testcase classname="TestFlags.InvocationCount" name="a" time="0.001"/>
  <system-out>
    <![CDATA[login]]>
  </system-out>
  <testcase classname="TestFlags.InvocationCount" name="a" time="0.001"/>
  <system-out>
    <![CDATA[login]]>
  </system-out>
  <testcase classname="TestFlags.InvocationCount" name="a" time="0.001"/>
  <system-out>
    <![CDATA[login]]>
  </system-out>
  <testcase classname="TestFlags.InvocationCount" name="a" time="0.001"/>
  <system-out>
    <![CDATA[login]]>
  </system-out>
  <testcase classname="TestFlags.InvocationCount" name="a" time="0.000"/>
  <system-out>
    <![CDATA[login]]>
  </system-out>
  <testcase classname="TestFlags.InvocationCount" name="a" time="0.002"/>
  <system-out>
    <![CDATA[login]]>
  </system-out>
  <testcase classname="TestFlags.InvocationCount" name="a" time="0.001"/>
  <system-out>
    <![CDATA[login]]>
  </system-out>
  <testcase classname="TestFlags.InvocationCount" name="a" time="0.001"/>
  <system-out>
    <![CDATA[login]]>
  </system-out>
  <testcase classname="TestFlags.InvocationCount" name="a" time="0.001"/>
  <system-out>
    <![CDATA[login]]>
  </system-out>
  <testcase classname="TestFlags.InvocationCount" name="a" time="0.001"/>
  <system-out>
    <![CDATA[login]]>
  </system-out>
  <testcase classname="TestFlags.InvocationCount" name="a" time="0.001"/>
  <system-out>
    <![CDATA[login]]>
  </system-out>
  <testcase classname="TestFlags.InvocationCount" name="a" time="0.001"/>
  <system-out>
    <![CDATA[login]]>
  </system-out>
  <testcase classname="TestFlags.InvocationCount" name="a" time="0.002"/>
  <system-out>
    <![CDATA[login]]>
  </system-out>
  <testcase classname="TestFlags.InvocationCount" name="a" time="0.000"/>
  <system-out>
    <![CDATA[login]]>
  </system-out>
  <testcase classname="TestFlags.InvocationCount" name="a" time="0.000"/>
  <system-out>
    <![CDATA[login]]>
  </system-out>
  <testcase classname="TestFlags.InvocationCount" name="a" time="0.001"/>
  <system-out>
    <![CDATA[login]]>
  </system-out>
  <testcase classname="TestFlags.InvocationCount" name="a" time="0.002"/>
  <system-out>
    <![CDATA[login]]>
  </system-out>
  <testcase classname="TestFlags.InvocationCount" name="a" time="0.001"/>
  <system-out>
    <![CDATA[login]]>
  </system-out>
  <testcase classname="TestFlags.InvocationCount" name="a" time="0.001"/>
  <system-out>
    <![CDATA[login]]>
  </system-out>
  <testcase classname="TestFlags.InvocationCount" name="a" time="0.001"/>
  <system-out>
    <![CDATA[login]]>
  </system-out>
  <testcase classname="TestFlags.InvocationCount" name="a" time="0.001"/>
  <system-out>
    <![CDATA[login]]>
  </system-out>
  <testcase classname="TestFlags.InvocationCount" name="a" time="0.001"/>
  <system-out>
    <![CDATA[login]]>
  </system-out>
  <testcase classname="TestFlags.InvocationCount" name="a" time="0.001"/>
  <system-out>
    <![CDATA[login]]>
  </system-out>
  <testcase classname="TestFlags.InvocationCount" name="a" time="0.001"/>
  <system-out>
    <![CDATA[login]]>
  </system-out>
  <testcase classname="TestFlags.InvocationCount" name="a" time="0.000"/>
  <system-out>
    <![CDATA[login]]>
  </system-out>
  <testcase classname="TestFlags.InvocationCount" name="a" time="0.001"/>
  <system-out>
    <![CDATA[login]]>
  </system-out>
  <testcase classname="TestFlags.InvocationCount" name="a" time="0.001"/>
  <system-out>
    <![CDATA[login]]>
  </system-out>
  <testcase classname="TestFlags.InvocationCount" name="a" time="0.001"/>
  <system-out>
    <![CDATA[login]]>
  </system-out>
  <testcase classname="TestFlags.InvocationCount" name="a" time="0.001"/>
  <system-out>
    <![CDATA[login]]>
  </system-out>
  <testcase classname="TestFlags.InvocationCount" name="a" time="0.001"/>
  <system-out>
    <![CDATA[login]]>
  </system-out>
  <testcase classname="TestFlags.InvocationCount" name="a" time="0.001"/>
  <system-out>
    <![CDATA[login]]>
  </system-out>
  <testcase classname="TestFlags.InvocationCount" name="a" time="0.001"/>
  <system-out>
    <![CDATA[login]]>
  </system-out>
  <testcase classname="TestFlags.InvocationCount" name="a" time="0.000"/>
  <system-out>
    <![CDATA[login]]>
  </system-out>
  <testcase classname="TestFlags.InvocationCount" name="a" time="0.001"/>
  <system-out>
    <![CDATA[login]]>
  </system-out>
  <testcase classname="TestFlags.InvocationCount" name="a" time="0.005"/>
  <system-out>
    <![CDATA[login]]>
  </system-out>
  <testcase classname="TestFlags.InvocationCount" name="a" time="0.001"/>
  <system-out>
    <![CDATA[login]]>
  </system-out>
  <testcase classname="TestFlags.InvocationCount" name="a" time="0.001"/>
  <system-out>
    <![CDATA[login]]>
  </system-out>
  <testcase classname="TestFlags.InvocationCount" name="a" time="0.001"/>
  <system-out>
    <![CDATA[login]]>
  </system-out>
  <testcase classname="TestFlags.InvocationCount" name="a" time="0.001"/>
  <system-out>
    <![CDATA[login]]>
  </system-out>
  <testcase classname="TestFlags.InvocationCount" name="a" time="0.000"/>
  <system-out>
    <![CDATA[login]]>
  </system-out>
  <testcase classname="TestFlags.InvocationCount" name="a" time="0.002"/>
  <system-out>
    <![CDATA[login]]>
  </system-out>
  <testcase classname="TestFlags.InvocationCount" name="a" time="0.000"/>
  <system-out>
    <![CDATA[login]]>
  </system-out>
  <testcase classname="TestFlags.InvocationCount" name="a" time="0.001"/>
  <system-out>
    <![CDATA[login]]>
  </system-out>
  <testcase classname="TestFlags.InvocationCount" name="a" time="0.001"/>
  <system-out>
    <![CDATA[login]]>
  </system-out>
  <testcase classname="TestFlags.InvocationCount" name="a" time="0.001"/>
  <system-out>
    <![CDATA[login]]>
  </system-out>
  <testcase classname="TestFlags.InvocationCount" name="a" time="0.001"/>
  <system-out>
    <![CDATA[login]]>
  </system-out>
  <testcase classname="TestFlags.InvocationCount" name="a" time="0.000"/>
  <system-out>
    <![CDATA[login]]>
  </system-out>
  <testcase classname="TestFlags.InvocationCount" name="a" time="0.001"/>
  <system-out>
    <![CDATA[login]]>
  </system-out>
  <testcase classname="TestFlags.InvocationCount" name="a" time="0.001"/>
  <system-out>
    <![CDATA[login]]>
  </system-out>
  <testcase classname="TestFlags.InvocationCount" name="a" time="0.001"/>
  <system-out>
    <![CDATA[login]]>
  </system-out>
  <testcase classname="TestFlags.InvocationCount" name="a" time="0.001"/>
  <system-out>
    <![CDATA[login]]>
  </system-out>
  <testcase classname="TestFlags.InvocationCount" name="a" time="0.000"/>
  <system-out>
    <![CDATA[login]]>
  </system-out>
  <testcase classname="TestFlags.InvocationCount" name="a" time="0.001"/>
  <system-out>
    <![CDATA[login]]>
  </system-out>
  <testcase classname="TestFlags.InvocationCount" name="a" time="0.000"/>
  <system-out>
    <![CDATA[login]]>
  </system-out>
  <testcase classname="TestFlags.InvocationCount" name="a" time="0.001"/>
  <system-out>
    <![CDATA[login]]>
  </system-out>
  <testcase classname="TestFlags.InvocationCount" name="a" time="0.001"/>
  <system-out>
    <![CDATA[login]]>
  </system-out>
  <testcase classname="TestFlags.InvocationCount" name="a" time="0.001"/>
  <system-out>
    <![CDATA[login]]>
  </system-out>
  <testcase classname="TestFlags.InvocationCount" name="a" time="0.000"/>
  <system-out>
    <![CDATA[login]]>
  </system-out>
  <testcase classname="TestFlags.InvocationCount" name="a" time="0.000"/>
  <system-out>
    <![CDATA[login]]>
  </system-out>
  <testcase classname="TestFlags.InvocationCount" name="a" time="0.001"/>
  <system-out>
    <![CDATA[login]]>
  </system-out>
  <testcase classname="TestFlags.InvocationCount" name="a" time="0.001"/>
  <system-out>
    <![CDATA[login]]>
  </system-out>
  <testcase classname="TestFlags.InvocationCount" name="a" time="0.000"/>
  <system-out>
    <![CDATA[login]]>
  </system-out>
  <testcase classname="TestFlags.InvocationCount" name="a" time="0.001"/>
  <system-out>
    <![CDATA[login]]>
  </system-out>
  <testcase classname="TestFlags.InvocationCount" name="a" time="0.001"/>
  <system-out>
    <![CDATA[login]]>
  </system-out>
  <testcase classname="TestFlags.InvocationCount" name="a" time="0.001"/>
  <system-out>
    <![CDATA[login]]>
  </system-out>
  <testcase classname="TestFlags.InvocationCount" name="a" time="0.000"/>
  <system-out>
    <![CDATA[login]]>
  </system-out>
  <testcase classname="TestFlags.InvocationCount" name="a" time="0.001"/>
  <system-out>
    <![CDATA[login]]>
  </system-out>
  <testcase classname="TestFlags.InvocationCount" name="a" time="0.001"/>
  <system-out>
    <![CDATA[login]]>
  </system-out>
  <testcase classname="TestFlags.InvocationCount" name="a" time="0.001"/>
  <system-out>
    <![CDATA[login]]>
  </system-out>
  <testcase classname="TestFlags.InvocationCount" name="a" time="0.001"/>
  <system-out>
    <![CDATA[login]]>
  </system-out>
  <testcase classname="TestFlags.InvocationCount" name="a" time="0.000"/>
  <system-out>
    <![CDATA[login]]>
  </system-out>
  <testcase classname="TestFlags.InvocationCount" name="a" time="0.000"/>
  <system-out>
    <![CDATA[login]]>
  </system-out>
  <testcase classname="TestFlags.InvocationCount" name="a" time="0.003"/>
  <system-out>
    <![CDATA[login]]>
  </system-out>
  <testcase classname="TestFlags.InvocationCount" name="a" time="0.002"/>
  <system-out>
    <![CDATA[login]]>
  </system-out>
  <testcase classname="TestFlags.InvocationCount" name="a" time="0.001"/>
  <system-out>
    <![CDATA[login]]>
  </system-out>
  <testcase classname="TestFlags.InvocationCount" name="a" time="0.001"/>
  <system-out>
    <![CDATA[login]]>
  </system-out>
  <testcase classname="TestFlags.InvocationCount" name="a" time="0.000"/>
  <system-out>
    <![CDATA[login]]>
  </system-out>
  <testcase classname="TestFlags.InvocationCount" name="a" time="0.000"/>
  <system-out>
    <![CDATA[login]]>
  </system-out>
  <testcase classname="TestFlags.InvocationCount" name="a" time="0.000"/>
  <system-out>
    <![CDATA[login]]>
  </system-out>
  <testcase classname="TestFlags.InvocationCount" name="a" time="0.001"/>
  <system-out>
    <![CDATA[login]]>
  </system-out>
  <testcase classname="TestFlags.InvocationCount" name="a" time="0.001"/>
  <system-out>
    <![CDATA[login]]>
  </system-out>
  <testcase classname="TestFlags.InvocationCount" name="a" time="0.001"/>
  <system-out>
    <![CDATA[login]]>
  </system-out>
  <testcase classname="TestFlags.InvocationCount" name="a" time="0.004"/>
  <system-out>
    <![CDATA[login]]>
  </system-out>
  <testcase classname="TestFlags.InvocationCount" name="a" time="0.014"/>
  <system-out>
    <![CDATA[login]]>
  </system-out>
  <testcase classname="TestFlags.InvocationCount" name="a" time="0.001"/>
  <system-out>
    <![CDATA[login]]>
  </system-out>
  <testcase classname="TestFlags.InvocationCount" name="a" time="0.001"/>
  <system-out>
    <![CDATA[login]]>
  </system-out>
  <testcase classname="TestFlags.InvocationCount" name="a" time="0.001"/>
  <system-out>
    <![CDATA[login]]>
  </system-out>
  <testcase classname="TestFlags.InvocationCount" name="a" time="0.001"/>
  <system-out>
    <![CDATA[login]]>
  </system-out>
  <testcase classname="TestFlags.InvocationCount" name="a" time="0.001"/>
  <system-out>
    <![CDATA[login]]>
  </system-out>
  <testcase classname="TestFlags.InvocationCount" name="a" time="0.001"/>
  <system-out>
    <![CDATA[login]]>
  </system-out>
  <testcase classname="TestFlags.InvocationCount" name="a" time="0.000"/>
  <system-out>
    <![CDATA[login]]>
  </system-out>
  <testcase classname="TestFlags.InvocationCount" name="a" time="0.001"/>
  <system-out>
    <![CDATA[login]]>
  </system-out>
  <testcase classname="TestFlags.InvocationCount" name="a" time="0.006"/>
  <system-out>
    <![CDATA[login]]>
  </system-out>
  <testcase classname="TestFlags.InvocationCount" name="a" time="0.001"/>
  <system-out>
    <![CDATA[login]]>
  </system-out>
  <testcase classname="TestFlags.InvocationCount" name="a" time="0.000"/>
  <system-out>
    <![CDATA[login]]>
  </system-out>
  <testcase classname="TestFlags.InvocationCount" name="a" time="0.000"/>
  <system-out>
    <![CDATA[login]]>
  </system-out>
  <testcase classname="TestFlags.InvocationCount" name="a" time="0.001"/>
  <system-out>
    <![CDATA[login]]>
  </system-out>
  <testcase classname="TestFlags.InvocationCount" name="a" time="0.001"/>
  <system-out>
    <![CDATA[login]]>
  </system-out>
</testsuite> <!-- TestFlags.InvocationCount -->
