<?xml version="1.0" encoding="UTF-8"?>
<!-- Generated by org.testng.reporters.JUnitXMLReporter -->
<testsuite ignored="0" hostname="DESKTOP-EJ6UG3V" failures="0" tests="5" name="Default test" time="48.226" errors="0" timestamp="2022-06-10T12:57:56 IST">
  <testcase classname="TestNGAnnotation.DataProvider" name="loginToActitime" time="4.502"/>
  <testcase classname="TestNGAnnotation.DataProvider" name="loginToActitime" time="4.482"/>
  <testcase classname="TestNGAnnotation.DataProvider" name="loginToActitime" time="4.424"/>
  <testcase classname="TestNGAnnotation.DataProvider" name="loginToActitime" time="4.449"/>
  <testcase classname="TestNGAnnotation.DataProvider" name="loginToActitime" time="4.491"/>
</testsuite> <!-- Default test -->
