<?xml version="1.0" encoding="UTF-8"?>
<!-- Generated by org.testng.reporters.JUnitXMLReporter -->
<testsuite ignored="1" hostname="DESKTOP-EJ6UG3V" failures="0" tests="2" name="Test" time="0.074" errors="0" timestamp="2022-06-07T12:41:26 IST">
  <testcase classname="TestFlags.Groups" name="f" time="0.011"/>
  <testcase classname="TestFlags.Groups" name="s" time="0.002"/>
  <testcase classname="TestFlags.Groups" name="i" time="0.0">
    <ignored/>
  </testcase> <!-- i -->
</testsuite> <!-- Test -->
